15:20:41 **** Incremental Build of configuration Debug for project RoadStar Server ****
make all 
Building file: ../RoadStarServer.cpp
Invoking: Cross G++ Compiler
arm-linux-gnueabihf-g++ -I/home/pidev/SeniorDesign/websocketpp -I/home/pidev/SeniorDesign/pigpio -I/home/pidev/SeniorDesign/includes -include/home/pidev/SeniorDesign/pigpio/pigpio.h -O0 -g3 -Wall -c -fmessage-length=0 -MMD -MP -MF"RoadStarServer.d" -MT"RoadStarServer.d" -o "RoadStarServer.o" "../RoadStarServer.cpp"
In file included from /home/pidev/SeniorDesign/includes/boost/config.hpp:57:0,
                 from /home/pidev/SeniorDesign/includes/boost/thread/detail/platform.hpp:14,
                 from /home/pidev/SeniorDesign/includes/boost/thread/thread.hpp:12,
                 from /home/pidev/SeniorDesign/includes/boost/thread.hpp:13,
                 from /home/pidev/SeniorDesign/websocketpp/websocketpp/common/thread.hpp:42,
                 from /home/pidev/SeniorDesign/websocketpp/websocketpp/concurrency/basic.hpp:31,
                 from /home/pidev/SeniorDesign/websocketpp/websocketpp/config/core.hpp:37,
                 from /home/pidev/SeniorDesign/websocketpp/websocketpp/config/asio_no_tls.hpp:31,
                 from ../RoadStarServer.cpp:10:
/home/pidev/SeniorDesign/includes/boost/optional/optional.hpp: In member function ‘void boost::optional_detail::optional_base<T>::construct(const Expr&, const boost::in_place_factory_base*)’:
/home/pidev/SeniorDesign/includes/boost/static_assert.hpp:125:21: warning: typedef ‘boost_static_assert_typedef_355’ locally defined but not used [-Wunused-local-typedefs]
          BOOST_JOIN(boost_static_assert_typedef_, __LINE__)
                     ^
/home/pidev/SeniorDesign/includes/boost/optional/optional.hpp:355:8: note: in expansion of macro ‘BOOST_STATIC_ASSERT’
        BOOST_STATIC_ASSERT ( ::boost::mpl::not_<is_reference_predicate>::value ) ;
        ^
/home/pidev/SeniorDesign/includes/boost/optional/optional.hpp: In member function ‘void boost::optional_detail::optional_base<T>::construct(const Expr&, const boost::typed_in_place_factory_base*)’:
/home/pidev/SeniorDesign/includes/boost/static_assert.hpp:125:21: warning: typedef ‘boost_static_assert_typedef_364’ locally defined but not used [-Wunused-local-typedefs]
          BOOST_JOIN(boost_static_assert_typedef_, __LINE__)
                     ^
/home/pidev/SeniorDesign/includes/boost/optional/optional.hpp:364:8: note: in expansion of macro ‘BOOST_STATIC_ASSERT’
        BOOST_STATIC_ASSERT ( ::boost::mpl::not_<is_reference_predicate>::value ) ;
        ^
In file included from /home/pidev/SeniorDesign/includes/boost/bind/bind.hpp:29:0,
                 from /home/pidev/SeniorDesign/includes/boost/bind.hpp:22,
                 from /home/pidev/SeniorDesign/includes/boost/thread/detail/thread.hpp:23,
                 from /home/pidev/SeniorDesign/includes/boost/thread/thread.hpp:22,
                 from /home/pidev/SeniorDesign/includes/boost/thread.hpp:13,
                 from /home/pidev/SeniorDesign/websocketpp/websocketpp/common/thread.hpp:42,
                 from /home/pidev/SeniorDesign/websocketpp/websocketpp/concurrency/basic.hpp:31,
                 from /home/pidev/SeniorDesign/websocketpp/websocketpp/config/core.hpp:37,
                 from /home/pidev/SeniorDesign/websocketpp/websocketpp/config/asio_no_tls.hpp:31,
                 from ../RoadStarServer.cpp:10:
/home/pidev/SeniorDesign/includes/boost/bind/arg.hpp: In constructor ‘boost::arg<I>::arg(const T&)’:
/home/pidev/SeniorDesign/includes/boost/bind/arg.hpp:37:22: warning: typedef ‘T_must_be_placeholder’ locally defined but not used [-Wunused-local-typedefs]
         typedef char T_must_be_placeholder[ I == is_placeholder<T>::value? 1: -1 ];
                      ^
In file included from /home/pidev/SeniorDesign/includes/boost/config.hpp:57:0,
                 from /home/pidev/SeniorDesign/includes/boost/thread/detail/platform.hpp:14,
                 from /home/pidev/SeniorDesign/includes/boost/thread/thread.hpp:12,
                 from /home/pidev/SeniorDesign/includes/boost/thread.hpp:13,
                 from /home/pidev/SeniorDesign/websocketpp/websocketpp/common/thread.hpp:42,
                 from /home/pidev/SeniorDesign/websocketpp/websocketpp/concurrency/basic.hpp:31,
                 from /home/pidev/SeniorDesign/websocketpp/websocketpp/config/core.hpp:37,
                 from /home/pidev/SeniorDesign/websocketpp/websocketpp/config/asio_no_tls.hpp:31,
                 from ../RoadStarServer.cpp:10:
/home/pidev/SeniorDesign/includes/boost/iterator/iterator_facade.hpp: In function ‘typename boost::detail::enable_if_interoperable<Derived1, Derived2, typename boost::mpl::apply2<boost::detail::always_bool2, Derived1, Derived2>::type>::type boost::operator==(const boost::iterator_facade<Derived1, V1, TC1, Reference1, Difference1>&, const boost::iterator_facade<Derived2, V2, TC2, Reference2, Difference2>&)’:
/home/pidev/SeniorDesign/includes/boost/static_assert.hpp:125:21: warning: typedef ‘boost_static_assert_typedef_832’ locally defined but not used [-Wunused-local-typedefs]
          BOOST_JOIN(boost_static_assert_typedef_, __LINE__)
                     ^
/home/pidev/SeniorDesign/includes/boost/iterator/iterator_facade.hpp: In function ‘typename boost::detail::enable_if_interoperable<Derived1, Derived2, typename boost::mpl::apply2<boost::detail::always_bool2, Derived1, Derived2>::type>::type boost::operator!=(const boost::iterator_facade<Derived1, V1, TC1, Reference1, Difference1>&, const boost::iterator_facade<Derived2, V2, TC2, Reference2, Difference2>&)’:
/home/pidev/SeniorDesign/includes/boost/static_assert.hpp:125:21: warning: typedef ‘boost_static_assert_typedef_833’ locally defined but not used [-Wunused-local-typedefs]
          BOOST_JOIN(boost_static_assert_typedef_, __LINE__)
                     ^
/home/pidev/SeniorDesign/includes/boost/iterator/iterator_facade.hpp: In function ‘typename boost::detail::enable_if_interoperable<Derived1, Derived2, typename boost::mpl::apply2<boost::detail::always_bool2, Derived1, Derived2>::type>::type boost::operator<(const boost::iterator_facade<Derived1, V1, TC1, Reference1, Difference1>&, const boost::iterator_facade<Derived2, V2, TC2, Reference2, Difference2>&)’:
/home/pidev/SeniorDesign/includes/boost/static_assert.hpp:125:21: warning: typedef ‘boost_static_assert_typedef_835’ locally defined but not used [-Wunused-local-typedefs]
          BOOST_JOIN(boost_static_assert_typedef_, __LINE__)
                     ^
/home/pidev/SeniorDesign/includes/boost/iterator/iterator_facade.hpp: In function ‘typename boost::detail::enable_if_interoperable<Derived1, Derived2, typename boost::mpl::apply2<boost::detail::always_bool2, Derived1, Derived2>::type>::type boost::operator>(const boost::iterator_facade<Derived1, V1, TC1, Reference1, Difference1>&, const boost::iterator_facade<Derived2, V2, TC2, Reference2, Difference2>&)’:
/home/pidev/SeniorDesign/includes/boost/static_assert.hpp:125:21: warning: typedef ‘boost_static_assert_typedef_836’ locally defined but not used [-Wunused-local-typedefs]
          BOOST_JOIN(boost_static_assert_typedef_, __LINE__)
                     ^
/home/pidev/SeniorDesign/includes/boost/iterator/iterator_facade.hpp: In function ‘typename boost::detail::enable_if_interoperable<Derived1, Derived2, typename boost::mpl::apply2<boost::detail::always_bool2, Derived1, Derived2>::type>::type boost::operator<=(const boost::iterator_facade<Derived1, V1, TC1, Reference1, Difference1>&, const boost::iterator_facade<Derived2, V2, TC2, Reference2, Difference2>&)’:
/home/pidev/SeniorDesign/includes/boost/static_assert.hpp:125:21: warning: typedef ‘boost_static_assert_typedef_837’ locally defined but not used [-Wunused-local-typedefs]
          BOOST_JOIN(boost_static_assert_typedef_, __LINE__)
                     ^
/home/pidev/SeniorDesign/includes/boost/iterator/iterator_facade.hpp: In function ‘typename boost::detail::enable_if_interoperable<Derived1, Derived2, typename boost::mpl::apply2<boost::detail::always_bool2, Derived1, Derived2>::type>::type boost::operator>=(const boost::iterator_facade<Derived1, V1, TC1, Reference1, Difference1>&, const boost::iterator_facade<Derived2, V2, TC2, Reference2, Difference2>&)’:
/home/pidev/SeniorDesign/includes/boost/static_assert.hpp:125:21: warning: typedef ‘boost_static_assert_typedef_838’ locally defined but not used [-Wunused-local-typedefs]
          BOOST_JOIN(boost_static_assert_typedef_, __LINE__)
                     ^
/home/pidev/SeniorDesign/includes/boost/iterator/iterator_facade.hpp: In function ‘typename boost::detail::enable_if_interoperable<Derived1, Derived2, typename boost::mpl::apply2<boost::detail::choose_difference_type, Derived1, Derived2>::type>::type boost::operator-(const boost::iterator_facade<Derived1, V1, TC1, Reference1, Difference1>&, const boost::iterator_facade<Derived2, V2, TC2, Reference2, Difference2>&)’:
/home/pidev/SeniorDesign/includes/boost/static_assert.hpp:125:21: warning: typedef ‘boost_static_assert_typedef_847’ locally defined but not used [-Wunused-local-typedefs]
          BOOST_JOIN(boost_static_assert_typedef_, __LINE__)
                     ^
/home/pidev/SeniorDesign/includes/boost/iterator/iterator_adaptor.hpp: In function ‘void boost::detail::iterator_adaptor_assert_traversal()’:
/home/pidev/SeniorDesign/includes/boost/static_assert.hpp:125:21: warning: typedef ‘boost_static_assert_typedef_224’ locally defined but not used [-Wunused-local-typedefs]
          BOOST_JOIN(boost_static_assert_typedef_, __LINE__)
                     ^
In file included from /home/pidev/SeniorDesign/includes/boost/asio/io_service.hpp:767:0,
                 from /home/pidev/SeniorDesign/includes/boost/asio/basic_io_object.hpp:19,
                 from /home/pidev/SeniorDesign/includes/boost/asio/basic_socket.hpp:19,
                 from /home/pidev/SeniorDesign/includes/boost/asio/basic_datagram_socket.hpp:20,
                 from /home/pidev/SeniorDesign/includes/boost/asio.hpp:20,
                 from /home/pidev/SeniorDesign/websocketpp/websocketpp/transport/asio/connection.hpp:43,
                 from /home/pidev/SeniorDesign/websocketpp/websocketpp/transport/asio/endpoint.hpp:34,
                 from /home/pidev/SeniorDesign/websocketpp/websocketpp/config/asio_no_tls.hpp:32,
                 from ../RoadStarServer.cpp:10:
/home/pidev/SeniorDesign/includes/boost/asio/impl/io_service.hpp: In member function ‘void boost::asio::io_service::dispatch(const CompletionHandler&)’:
/home/pidev/SeniorDesign/includes/boost/asio/impl/io_service.hpp:85:67: warning: typedef ‘type_check’ locally defined but not used [-Wunused-local-typedefs]
   BOOST_ASIO_COMPLETION_HANDLER_CHECK(CompletionHandler, handler) type_check;
                                                                   ^
/home/pidev/SeniorDesign/includes/boost/asio/impl/io_service.hpp: In member function ‘void boost::asio::io_service::post(const CompletionHandler&)’:
/home/pidev/SeniorDesign/includes/boost/asio/impl/io_service.hpp:95:67: warning: typedef ‘type_check’ locally defined but not used [-Wunused-local-typedefs]
   BOOST_ASIO_COMPLETION_HANDLER_CHECK(CompletionHandler, handler) type_check;
                                                                   ^
In file included from /home/pidev/SeniorDesign/includes/boost/asio/basic_datagram_socket.hpp:20:0,
                 from /home/pidev/SeniorDesign/includes/boost/asio.hpp:20,
                 from /home/pidev/SeniorDesign/websocketpp/websocketpp/transport/asio/connection.hpp:43,
                 from /home/pidev/SeniorDesign/websocketpp/websocketpp/transport/asio/endpoint.hpp:34,
                 from /home/pidev/SeniorDesign/websocketpp/websocketpp/config/asio_no_tls.hpp:32,
                 from ../RoadStarServer.cpp:10:
/home/pidev/SeniorDesign/includes/boost/asio/basic_socket.hpp: In member function ‘void boost::asio::basic_socket<Protocol, SocketService>::async_connect(const endpoint_type&, const ConnectHandler&)’:
/home/pidev/SeniorDesign/includes/boost/asio/basic_socket.hpp:706:63: warning: typedef ‘type_check’ locally defined but not used [-Wunused-local-typedefs]
     BOOST_ASIO_CONNECT_HANDLER_CHECK(ConnectHandler, handler) type_check;
                                                               ^
In file included from /home/pidev/SeniorDesign/includes/boost/asio.hpp:20:0,
                 from /home/pidev/SeniorDesign/websocketpp/websocketpp/transport/asio/connection.hpp:43,
                 from /home/pidev/SeniorDesign/websocketpp/websocketpp/transport/asio/endpoint.hpp:34,
                 from /home/pidev/SeniorDesign/websocketpp/websocketpp/config/asio_no_tls.hpp:32,
                 from ../RoadStarServer.cpp:10:
/home/pidev/SeniorDesign/includes/boost/asio/basic_datagram_socket.hpp: In member function ‘void boost::asio::basic_datagram_socket<Protocol, DatagramSocketService>::async_send(const ConstBufferSequence&, const WriteHandler&)’:
/home/pidev/SeniorDesign/includes/boost/asio/basic_datagram_socket.hpp:298:59: warning: typedef ‘type_check’ locally defined but not used [-Wunused-local-typedefs]
     BOOST_ASIO_WRITE_HANDLER_CHECK(WriteHandler, handler) type_check;
                                                           ^
/home/pidev/SeniorDesign/includes/boost/asio/basic_datagram_socket.hpp: In member function ‘void boost::asio::basic_datagram_socket<Protocol, DatagramSocketService>::async_send(const ConstBufferSequence&, boost::asio::socket_base::message_flags, const WriteHandler&)’:
/home/pidev/SeniorDesign/includes/boost/asio/basic_datagram_socket.hpp:340:59: warning: typedef ‘type_check’ locally defined but not used [-Wunused-local-typedefs]
     BOOST_ASIO_WRITE_HANDLER_CHECK(WriteHandler, handler) type_check;
                                                           ^
/home/pidev/SeniorDesign/includes/boost/asio/basic_datagram_socket.hpp: In member function ‘void boost::asio::basic_datagram_socket<Protocol, DatagramSocketService>::async_send_to(const ConstBufferSequence&, const endpoint_type&, const WriteHandler&)’:
/home/pidev/SeniorDesign/includes/boost/asio/basic_datagram_socket.hpp:478:59: warning: typedef ‘type_check’ locally defined but not used [-Wunused-local-typedefs]
     BOOST_ASIO_WRITE_HANDLER_CHECK(WriteHandler, handler) type_check;
                                                           ^
/home/pidev/SeniorDesign/includes/boost/asio/basic_datagram_socket.hpp: In member function ‘void boost::asio::basic_datagram_socket<Protocol, DatagramSocketService>::async_send_to(const ConstBufferSequence&, const endpoint_type&, boost::asio::socket_base::message_flags, const WriteHandler&)’:
/home/pidev/SeniorDesign/includes/boost/asio/basic_datagram_socket.hpp:518:59: warning: typedef ‘type_check’ locally defined but not used [-Wunused-local-typedefs]
     BOOST_ASIO_WRITE_HANDLER_CHECK(WriteHandler, handler) type_check;
                                                           ^
/home/pidev/SeniorDesign/includes/boost/asio/basic_datagram_socket.hpp: In member function ‘void boost::asio::basic_datagram_socket<Protocol, DatagramSocketService>::async_receive(const MutableBufferSequence&, const ReadHandler&)’:
/home/pidev/SeniorDesign/includes/boost/asio/basic_datagram_socket.hpp:655:57: warning: typedef ‘type_check’ locally defined but not used [-Wunused-local-typedefs]
     BOOST_ASIO_READ_HANDLER_CHECK(ReadHandler, handler) type_check;
                                                         ^
/home/pidev/SeniorDesign/includes/boost/asio/basic_datagram_socket.hpp: In member function ‘void boost::asio::basic_datagram_socket<Protocol, DatagramSocketService>::async_receive(const MutableBufferSequence&, boost::asio::socket_base::message_flags, const ReadHandler&)’:
/home/pidev/SeniorDesign/includes/boost/asio/basic_datagram_socket.hpp:696:57: warning: typedef ‘type_check’ locally defined but not used [-Wunused-local-typedefs]
     BOOST_ASIO_READ_HANDLER_CHECK(ReadHandler, handler) type_check;
                                                         ^
/home/pidev/SeniorDesign/includes/boost/asio/basic_datagram_socket.hpp: In member function ‘void boost::asio::basic_datagram_socket<Protocol, DatagramSocketService>::async_receive_from(const MutableBufferSequence&, boost::asio::basic_datagram_socket<Protocol, DatagramSocketService>::endpoint_type&, const ReadHandler&)’:
/home/pidev/SeniorDesign/includes/boost/asio/basic_datagram_socket.hpp:834:57: warning: typedef ‘type_check’ locally defined but not used [-Wunused-local-typedefs]
     BOOST_ASIO_READ_HANDLER_CHECK(ReadHandler, handler) type_check;
                                                         ^
/home/pidev/SeniorDesign/includes/boost/asio/basic_datagram_socket.hpp: In member function ‘void boost::asio::basic_datagram_socket<Protocol, DatagramSocketService>::async_receive_from(const MutableBufferSequence&, boost::asio::basic_datagram_socket<Protocol, DatagramSocketService>::endpoint_type&, boost::asio::socket_base::message_flags, const ReadHandler&)’:
/home/pidev/SeniorDesign/includes/boost/asio/basic_datagram_socket.hpp:876:57: warning: typedef ‘type_check’ locally defined but not used [-Wunused-local-typedefs]
     BOOST_ASIO_READ_HANDLER_CHECK(ReadHandler, handler) type_check;
                                                         ^
In file included from /home/pidev/SeniorDesign/includes/boost/asio.hpp:21:0,
                 from /home/pidev/SeniorDesign/websocketpp/websocketpp/transport/asio/connection.hpp:43,
                 from /home/pidev/SeniorDesign/websocketpp/websocketpp/transport/asio/endpoint.hpp:34,
                 from /home/pidev/SeniorDesign/websocketpp/websocketpp/config/asio_no_tls.hpp:32,
                 from ../RoadStarServer.cpp:10:
/home/pidev/SeniorDesign/includes/boost/asio/basic_deadline_timer.hpp: In member function ‘void boost::asio::basic_deadline_timer<Time, TimeTraits, TimerService>::async_wait(const WaitHandler&)’:
/home/pidev/SeniorDesign/includes/boost/asio/basic_deadline_timer.hpp:499:57: warning: typedef ‘type_check’ locally defined but not used [-Wunused-local-typedefs]
     BOOST_ASIO_WAIT_HANDLER_CHECK(WaitHandler, handler) type_check;
                                                         ^
In file included from /home/pidev/SeniorDesign/includes/boost/asio.hpp:23:0,
                 from /home/pidev/SeniorDesign/websocketpp/websocketpp/transport/asio/connection.hpp:43,
                 from /home/pidev/SeniorDesign/websocketpp/websocketpp/transport/asio/endpoint.hpp:34,
                 from /home/pidev/SeniorDesign/websocketpp/websocketpp/config/asio_no_tls.hpp:32,
                 from ../RoadStarServer.cpp:10:
/home/pidev/SeniorDesign/includes/boost/asio/basic_raw_socket.hpp: In member function ‘void boost::asio::basic_raw_socket<Protocol, RawSocketService>::async_send(const ConstBufferSequence&, const WriteHandler&)’:
/home/pidev/SeniorDesign/includes/boost/asio/basic_raw_socket.hpp:293:59: warning: typedef ‘type_check’ locally defined but not used [-Wunused-local-typedefs]
     BOOST_ASIO_WRITE_HANDLER_CHECK(WriteHandler, handler) type_check;
                                                           ^
/home/pidev/SeniorDesign/includes/boost/asio/basic_raw_socket.hpp: In member function ‘void boost::asio::basic_raw_socket<Protocol, RawSocketService>::async_send(const ConstBufferSequence&, boost::asio::socket_base::message_flags, const WriteHandler&)’:
/home/pidev/SeniorDesign/includes/boost/asio/basic_raw_socket.hpp:334:59: warning: typedef ‘type_check’ locally defined but not used [-Wunused-local-typedefs]
     BOOST_ASIO_WRITE_HANDLER_CHECK(WriteHandler, handler) type_check;
                                                           ^
/home/pidev/SeniorDesign/includes/boost/asio/basic_raw_socket.hpp: In member function ‘void boost::asio::basic_raw_socket<Protocol, RawSocketService>::async_send_to(const ConstBufferSequence&, const endpoint_type&, const WriteHandler&)’:
/home/pidev/SeniorDesign/includes/boost/asio/basic_raw_socket.hpp:472:59: warning: typedef ‘type_check’ locally defined but not used [-Wunused-local-typedefs]
     BOOST_ASIO_WRITE_HANDLER_CHECK(WriteHandler, handler) type_check;
                                                           ^
/home/pidev/SeniorDesign/includes/boost/asio/basic_raw_socket.hpp: In member function ‘void boost::asio::basic_raw_socket<Protocol, RawSocketService>::async_send_to(const ConstBufferSequence&, const endpoint_type&, boost::asio::socket_base::message_flags, const WriteHandler&)’:
/home/pidev/SeniorDesign/includes/boost/asio/basic_raw_socket.hpp:512:59: warning: typedef ‘type_check’ locally defined but not used [-Wunused-local-typedefs]
     BOOST_ASIO_WRITE_HANDLER_CHECK(WriteHandler, handler) type_check;
                                                           ^
/home/pidev/SeniorDesign/includes/boost/asio/basic_raw_socket.hpp: In member function ‘void boost::asio::basic_raw_socket<Protocol, RawSocketService>::async_receive(const MutableBufferSequence&, const ReadHandler&)’:
/home/pidev/SeniorDesign/includes/boost/asio/basic_raw_socket.hpp:649:57: warning: typedef ‘type_check’ locally defined but not used [-Wunused-local-typedefs]
     BOOST_ASIO_READ_HANDLER_CHECK(ReadHandler, handler) type_check;
                                                         ^
/home/pidev/SeniorDesign/includes/boost/asio/basic_raw_socket.hpp: In member function ‘void boost::asio::basic_raw_socket<Protocol, RawSocketService>::async_receive(const MutableBufferSequence&, boost::asio::socket_base::message_flags, const ReadHandler&)’:
/home/pidev/SeniorDesign/includes/boost/asio/basic_raw_socket.hpp:690:57: warning: typedef ‘type_check’ locally defined but not used [-Wunused-local-typedefs]
     BOOST_ASIO_READ_HANDLER_CHECK(ReadHandler, handler) type_check;
                                                         ^
/home/pidev/SeniorDesign/includes/boost/asio/basic_raw_socket.hpp: In member function ‘void boost::asio::basic_raw_socket<Protocol, RawSocketService>::async_receive_from(const MutableBufferSequence&, boost::asio::basic_raw_socket<Protocol, RawSocketService>::endpoint_type&, const ReadHandler&)’:
/home/pidev/SeniorDesign/includes/boost/asio/basic_raw_socket.hpp:828:57: warning: typedef ‘type_check’ locally defined but not used [-Wunused-local-typedefs]
     BOOST_ASIO_READ_HANDLER_CHECK(ReadHandler, handler) type_check;
                                                         ^
/home/pidev/SeniorDesign/includes/boost/asio/basic_raw_socket.hpp: In member function ‘void boost::asio::basic_raw_socket<Protocol, RawSocketService>::async_receive_from(const MutableBufferSequence&, boost::asio::basic_raw_socket<Protocol, RawSocketService>::endpoint_type&, boost::asio::socket_base::message_flags, const ReadHandler&)’:
/home/pidev/SeniorDesign/includes/boost/asio/basic_raw_socket.hpp:870:57: warning: typedef ‘type_check’ locally defined but not used [-Wunused-local-typedefs]
     BOOST_ASIO_READ_HANDLER_CHECK(ReadHandler, handler) type_check;
                                                         ^
In file included from /home/pidev/SeniorDesign/includes/boost/asio.hpp:24:0,
                 from /home/pidev/SeniorDesign/websocketpp/websocketpp/transport/asio/connection.hpp:43,
                 from /home/pidev/SeniorDesign/websocketpp/websocketpp/transport/asio/endpoint.hpp:34,
                 from /home/pidev/SeniorDesign/websocketpp/websocketpp/config/asio_no_tls.hpp:32,
                 from ../RoadStarServer.cpp:10:
/home/pidev/SeniorDesign/includes/boost/asio/basic_seq_packet_socket.hpp: In member function ‘void boost::asio::basic_seq_packet_socket<Protocol, SeqPacketSocketService>::async_send(const ConstBufferSequence&, boost::asio::socket_base::message_flags, const WriteHandler&)’:
/home/pidev/SeniorDesign/includes/boost/asio/basic_seq_packet_socket.hpp:276:59: warning: typedef ‘type_check’ locally defined but not used [-Wunused-local-typedefs]
     BOOST_ASIO_WRITE_HANDLER_CHECK(WriteHandler, handler) type_check;
                                                           ^
/home/pidev/SeniorDesign/includes/boost/asio/basic_seq_packet_socket.hpp: In member function ‘void boost::asio::basic_seq_packet_socket<Protocol, SeqPacketSocketService>::async_receive(const MutableBufferSequence&, boost::asio::socket_base::message_flags&, const ReadHandler&)’:
/home/pidev/SeniorDesign/includes/boost/asio/basic_seq_packet_socket.hpp:446:57: warning: typedef ‘type_check’ locally defined but not used [-Wunused-local-typedefs]
     BOOST_ASIO_READ_HANDLER_CHECK(ReadHandler, handler) type_check;
                                                         ^
/home/pidev/SeniorDesign/includes/boost/asio/basic_seq_packet_socket.hpp: In member function ‘void boost::asio::basic_seq_packet_socket<Protocol, SeqPacketSocketService>::async_receive(const MutableBufferSequence&, boost::asio::socket_base::message_flags, boost::asio::socket_base::message_flags&, const ReadHandler&)’:
/home/pidev/SeniorDesign/includes/boost/asio/basic_seq_packet_socket.hpp:502:57: warning: typedef ‘type_check’ locally defined but not used [-Wunused-local-typedefs]
     BOOST_ASIO_READ_HANDLER_CHECK(ReadHandler, handler) type_check;
                                                         ^
In file included from /home/pidev/SeniorDesign/includes/boost/asio.hpp:25:0,
                 from /home/pidev/SeniorDesign/websocketpp/websocketpp/transport/asio/connection.hpp:43,
                 from /home/pidev/SeniorDesign/websocketpp/websocketpp/transport/asio/endpoint.hpp:34,
                 from /home/pidev/SeniorDesign/websocketpp/websocketpp/config/asio_no_tls.hpp:32,
                 from ../RoadStarServer.cpp:10:
/home/pidev/SeniorDesign/includes/boost/asio/basic_serial_port.hpp: In member function ‘void boost::asio::basic_serial_port<SerialPortService>::async_write_some(const ConstBufferSequence&, const WriteHandler&)’:
/home/pidev/SeniorDesign/includes/boost/asio/basic_serial_port.hpp:567:59: warning: typedef ‘type_check’ locally defined but not used [-Wunused-local-typedefs]
     BOOST_ASIO_WRITE_HANDLER_CHECK(WriteHandler, handler) type_check;
                                                           ^
/home/pidev/SeniorDesign/includes/boost/asio/basic_serial_port.hpp: In member function ‘void boost::asio::basic_serial_port<SerialPortService>::async_read_some(const MutableBufferSequence&, const ReadHandler&)’:
/home/pidev/SeniorDesign/includes/boost/asio/basic_serial_port.hpp:678:57: warning: typedef ‘type_check’ locally defined but not used [-Wunused-local-typedefs]
     BOOST_ASIO_READ_HANDLER_CHECK(ReadHandler, handler) type_check;
                                                         ^
In file included from /home/pidev/SeniorDesign/includes/boost/asio.hpp:26:0,
                 from /home/pidev/SeniorDesign/websocketpp/websocketpp/transport/asio/connection.hpp:43,
                 from /home/pidev/SeniorDesign/websocketpp/websocketpp/transport/asio/endpoint.hpp:34,
                 from /home/pidev/SeniorDesign/websocketpp/websocketpp/config/asio_no_tls.hpp:32,
                 from ../RoadStarServer.cpp:10:
/home/pidev/SeniorDesign/includes/boost/asio/basic_signal_set.hpp: In member function ‘void boost::asio::basic_signal_set<SignalSetService>::async_wait(const SignalHandler&)’:
/home/pidev/SeniorDesign/includes/boost/asio/basic_signal_set.hpp:372:61: warning: typedef ‘type_check’ locally defined but not used [-Wunused-local-typedefs]
     BOOST_ASIO_SIGNAL_HANDLER_CHECK(SignalHandler, handler) type_check;
                                                             ^
In file included from /home/pidev/SeniorDesign/includes/boost/asio.hpp:27:0,
                 from /home/pidev/SeniorDesign/websocketpp/websocketpp/transport/asio/connection.hpp:43,
                 from /home/pidev/SeniorDesign/websocketpp/websocketpp/transport/asio/endpoint.hpp:34,
                 from /home/pidev/SeniorDesign/websocketpp/websocketpp/config/asio_no_tls.hpp:32,
                 from ../RoadStarServer.cpp:10:
/home/pidev/SeniorDesign/includes/boost/asio/basic_socket_acceptor.hpp: In member function ‘void boost::asio::basic_socket_acceptor<Protocol, SocketAcceptorService>::async_accept(boost::asio::basic_socket<Protocol, SocketService>&, const AcceptHandler&)’:
/home/pidev/SeniorDesign/includes/boost/asio/basic_socket_acceptor.hpp:957:61: warning: typedef ‘type_check’ locally defined but not used [-Wunused-local-typedefs]
     BOOST_ASIO_ACCEPT_HANDLER_CHECK(AcceptHandler, handler) type_check;
                                                             ^
/home/pidev/SeniorDesign/includes/boost/asio/basic_socket_acceptor.hpp: In member function ‘void boost::asio::basic_socket_acceptor<Protocol, SocketAcceptorService>::async_accept(boost::asio::basic_socket<Protocol, SocketService>&, boost::asio::basic_socket_acceptor<Protocol, SocketAcceptorService>::endpoint_type&, const AcceptHandler&)’:
/home/pidev/SeniorDesign/includes/boost/asio/basic_socket_acceptor.hpp:1065:61: warning: typedef ‘type_check’ locally defined but not used [-Wunused-local-typedefs]
     BOOST_ASIO_ACCEPT_HANDLER_CHECK(AcceptHandler, handler) type_check;
                                                             ^
In file included from /home/pidev/SeniorDesign/includes/boost/asio.hpp:30:0,
                 from /home/pidev/SeniorDesign/websocketpp/websocketpp/transport/asio/connection.hpp:43,
                 from /home/pidev/SeniorDesign/websocketpp/websocketpp/transport/asio/endpoint.hpp:34,
                 from /home/pidev/SeniorDesign/websocketpp/websocketpp/config/asio_no_tls.hpp:32,
                 from ../RoadStarServer.cpp:10:
/home/pidev/SeniorDesign/includes/boost/asio/basic_stream_socket.hpp: In member function ‘void boost::asio::basic_stream_socket<Protocol, StreamSocketService>::async_send(const ConstBufferSequence&, const WriteHandler&)’:
/home/pidev/SeniorDesign/includes/boost/asio/basic_stream_socket.hpp:311:59: warning: typedef ‘type_check’ locally defined but not used [-Wunused-local-typedefs]
     BOOST_ASIO_WRITE_HANDLER_CHECK(WriteHandler, handler) type_check;
                                                           ^
/home/pidev/SeniorDesign/includes/boost/asio/basic_stream_socket.hpp: In member function ‘void boost::asio::basic_stream_socket<Protocol, StreamSocketService>::async_send(const ConstBufferSequence&, boost::asio::socket_base::message_flags, const WriteHandler&)’:
/home/pidev/SeniorDesign/includes/boost/asio/basic_stream_socket.hpp:361:59: warning: typedef ‘type_check’ locally defined but not used [-Wunused-local-typedefs]
     BOOST_ASIO_WRITE_HANDLER_CHECK(WriteHandler, handler) type_check;
                                                           ^
/home/pidev/SeniorDesign/includes/boost/asio/basic_stream_socket.hpp: In member function ‘void boost::asio::basic_stream_socket<Protocol, StreamSocketService>::async_receive(const MutableBufferSequence&, const ReadHandler&)’:
/home/pidev/SeniorDesign/includes/boost/asio/basic_stream_socket.hpp:515:57: warning: typedef ‘type_check’ locally defined but not used [-Wunused-local-typedefs]
     BOOST_ASIO_READ_HANDLER_CHECK(ReadHandler, handler) type_check;
                                                         ^
/home/pidev/SeniorDesign/includes/boost/asio/basic_stream_socket.hpp: In member function ‘void boost::asio::basic_stream_socket<Protocol, StreamSocketService>::async_receive(const MutableBufferSequence&, boost::asio::socket_base::message_flags, const ReadHandler&)’:
/home/pidev/SeniorDesign/includes/boost/asio/basic_stream_socket.hpp:567:57: warning: typedef ‘type_check’ locally defined but not used [-Wunused-local-typedefs]
     BOOST_ASIO_READ_HANDLER_CHECK(ReadHandler, handler) type_check;
                                                         ^
/home/pidev/SeniorDesign/includes/boost/asio/basic_stream_socket.hpp: In member function ‘void boost::asio::basic_stream_socket<Protocol, StreamSocketService>::async_write_some(const ConstBufferSequence&, const WriteHandler&)’:
/home/pidev/SeniorDesign/includes/boost/asio/basic_stream_socket.hpp:674:59: warning: typedef ‘type_check’ locally defined but not used [-Wunused-local-typedefs]
     BOOST_ASIO_WRITE_HANDLER_CHECK(WriteHandler, handler) type_check;
                                                           ^
/home/pidev/SeniorDesign/includes/boost/asio/basic_stream_socket.hpp: In member function ‘void boost::asio::basic_stream_socket<Protocol, StreamSocketService>::async_read_some(const MutableBufferSequence&, const ReadHandler&)’:
/home/pidev/SeniorDesign/includes/boost/asio/basic_stream_socket.hpp:785:57: warning: typedef ‘type_check’ locally defined but not used [-Wunused-local-typedefs]
     BOOST_ASIO_READ_HANDLER_CHECK(ReadHandler, handler) type_check;
                                                         ^
In file included from /home/pidev/SeniorDesign/includes/boost/asio.hpp:32:0,
                 from /home/pidev/SeniorDesign/websocketpp/websocketpp/transport/asio/connection.hpp:43,
                 from /home/pidev/SeniorDesign/websocketpp/websocketpp/transport/asio/endpoint.hpp:34,
                 from /home/pidev/SeniorDesign/websocketpp/websocketpp/config/asio_no_tls.hpp:32,
                 from ../RoadStarServer.cpp:10:
/home/pidev/SeniorDesign/includes/boost/asio/basic_waitable_timer.hpp: In member function ‘void boost::asio::basic_waitable_timer<Clock, WaitTraits, WaitableTimerService>::async_wait(const WaitHandler&)’:
/home/pidev/SeniorDesign/includes/boost/asio/basic_waitable_timer.hpp:506:57: warning: typedef ‘type_check’ locally defined but not used [-Wunused-local-typedefs]
     BOOST_ASIO_WAIT_HANDLER_CHECK(WaitHandler, handler) type_check;
                                                         ^
In file included from /home/pidev/SeniorDesign/includes/boost/asio/write.hpp:609:0,
                 from /home/pidev/SeniorDesign/includes/boost/asio/buffered_write_stream.hpp:29,
                 from /home/pidev/SeniorDesign/includes/boost/asio/buffered_stream.hpp:21,
                 from /home/pidev/SeniorDesign/includes/boost/asio.hpp:37,
                 from /home/pidev/SeniorDesign/websocketpp/websocketpp/transport/asio/connection.hpp:43,
                 from /home/pidev/SeniorDesign/websocketpp/websocketpp/transport/asio/endpoint.hpp:34,
                 from /home/pidev/SeniorDesign/websocketpp/websocketpp/config/asio_no_tls.hpp:32,
                 from ../RoadStarServer.cpp:10:
/home/pidev/SeniorDesign/includes/boost/asio/impl/write.hpp: In function ‘void boost::asio::async_write(AsyncWriteStream&, const ConstBufferSequence&, CompletionCondition, const WriteHandler&)’:
/home/pidev/SeniorDesign/includes/boost/asio/impl/write.hpp:568:57: warning: typedef ‘type_check’ locally defined but not used [-Wunused-local-typedefs]
   BOOST_ASIO_WRITE_HANDLER_CHECK(WriteHandler, handler) type_check;
                                                         ^
/home/pidev/SeniorDesign/includes/boost/asio/impl/write.hpp: In function ‘void boost::asio::async_write(AsyncWriteStream&, const ConstBufferSequence&, const WriteHandler&)’:
/home/pidev/SeniorDesign/includes/boost/asio/impl/write.hpp:583:57: warning: typedef ‘type_check’ locally defined but not used [-Wunused-local-typedefs]
   BOOST_ASIO_WRITE_HANDLER_CHECK(WriteHandler, handler) type_check;
                                                         ^
/home/pidev/SeniorDesign/includes/boost/asio/impl/write.hpp: In function ‘void boost::asio::async_write(AsyncWriteStream&, boost::asio::basic_streambuf<Allocator>&, CompletionCondition, const WriteHandler&)’:
/home/pidev/SeniorDesign/includes/boost/asio/impl/write.hpp:681:57: warning: typedef ‘type_check’ locally defined but not used [-Wunused-local-typedefs]
   BOOST_ASIO_WRITE_HANDLER_CHECK(WriteHandler, handler) type_check;
                                                         ^
/home/pidev/SeniorDesign/includes/boost/asio/impl/write.hpp: In function ‘void boost::asio::async_write(AsyncWriteStream&, boost::asio::basic_streambuf<Allocator>&, const WriteHandler&)’:
/home/pidev/SeniorDesign/includes/boost/asio/impl/write.hpp:695:57: warning: typedef ‘type_check’ locally defined but not used [-Wunused-local-typedefs]
   BOOST_ASIO_WRITE_HANDLER_CHECK(WriteHandler, handler) type_check;
                                                         ^
In file included from /home/pidev/SeniorDesign/includes/boost/asio/connect.hpp:814:0,
                 from /home/pidev/SeniorDesign/includes/boost/asio.hpp:42,
                 from /home/pidev/SeniorDesign/websocketpp/websocketpp/transport/asio/connection.hpp:43,
                 from /home/pidev/SeniorDesign/websocketpp/websocketpp/transport/asio/endpoint.hpp:34,
                 from /home/pidev/SeniorDesign/websocketpp/websocketpp/config/asio_no_tls.hpp:32,
                 from ../RoadStarServer.cpp:10:
/home/pidev/SeniorDesign/includes/boost/asio/impl/connect.hpp: In function ‘void boost::asio::async_connect(boost::asio::basic_socket<Protocol, DatagramSocketService>&, Iterator, const ComposedConnectHandler&)’:
/home/pidev/SeniorDesign/includes/boost/asio/impl/connect.hpp:329:50: warning: typedef ‘type_check’ locally defined but not used [-Wunused-local-typedefs]
       ComposedConnectHandler, handler, Iterator) type_check;
                                                  ^
/home/pidev/SeniorDesign/includes/boost/asio/impl/connect.hpp: In function ‘void boost::asio::async_connect(boost::asio::basic_socket<Protocol, DatagramSocketService>&, Iterator, Iterator, const ComposedConnectHandler&)’:
/home/pidev/SeniorDesign/includes/boost/asio/impl/connect.hpp:346:50: warning: typedef ‘type_check’ locally defined but not used [-Wunused-local-typedefs]
       ComposedConnectHandler, handler, Iterator) type_check;
                                                  ^
/home/pidev/SeniorDesign/includes/boost/asio/impl/connect.hpp: In function ‘void boost::asio::async_connect(boost::asio::basic_socket<Protocol, DatagramSocketService>&, Iterator, ConnectCondition, const ComposedConnectHandler&)’:
/home/pidev/SeniorDesign/includes/boost/asio/impl/connect.hpp:363:50: warning: typedef ‘type_check’ locally defined but not used [-Wunused-local-typedefs]
       ComposedConnectHandler, handler, Iterator) type_check;
                                                  ^
/home/pidev/SeniorDesign/includes/boost/asio/impl/connect.hpp: In function ‘void boost::asio::async_connect(boost::asio::basic_socket<Protocol, DatagramSocketService>&, Iterator, Iterator, ConnectCondition, const ComposedConnectHandler&)’:
/home/pidev/SeniorDesign/includes/boost/asio/impl/connect.hpp:379:50: warning: typedef ‘type_check’ locally defined but not used [-Wunused-local-typedefs]
       ComposedConnectHandler, handler, Iterator) type_check;
                                                  ^
In file included from /home/pidev/SeniorDesign/includes/boost/asio.hpp:54:0,
                 from /home/pidev/SeniorDesign/websocketpp/websocketpp/transport/asio/connection.hpp:43,
                 from /home/pidev/SeniorDesign/websocketpp/websocketpp/transport/asio/endpoint.hpp:34,
                 from /home/pidev/SeniorDesign/websocketpp/websocketpp/config/asio_no_tls.hpp:32,
                 from ../RoadStarServer.cpp:10:
/home/pidev/SeniorDesign/includes/boost/asio/ip/basic_resolver.hpp: In member function ‘void boost::asio::ip::basic_resolver<InternetProtocol, ResolverService>::async_resolve(const query&, const ResolveHandler&)’:
/home/pidev/SeniorDesign/includes/boost/asio/ip/basic_resolver.hpp:162:44: warning: typedef ‘type_check’ locally defined but not used [-Wunused-local-typedefs]
         ResolveHandler, handler, iterator) type_check;
                                            ^
/home/pidev/SeniorDesign/includes/boost/asio/ip/basic_resolver.hpp: In member function ‘void boost::asio::ip::basic_resolver<InternetProtocol, ResolverService>::async_resolve(const endpoint_type&, const ResolveHandler&)’:
/home/pidev/SeniorDesign/includes/boost/asio/ip/basic_resolver.hpp:253:44: warning: typedef ‘type_check’ locally defined but not used [-Wunused-local-typedefs]
         ResolveHandler, handler, iterator) type_check;
                                            ^
In file included from /home/pidev/SeniorDesign/includes/boost/asio.hpp:75:0,
                 from /home/pidev/SeniorDesign/websocketpp/websocketpp/transport/asio/connection.hpp:43,
                 from /home/pidev/SeniorDesign/websocketpp/websocketpp/transport/asio/endpoint.hpp:34,
                 from /home/pidev/SeniorDesign/websocketpp/websocketpp/config/asio_no_tls.hpp:32,
                 from ../RoadStarServer.cpp:10:
/home/pidev/SeniorDesign/includes/boost/asio/posix/basic_stream_descriptor.hpp: In member function ‘void boost::asio::posix::basic_stream_descriptor<StreamDescriptorService>::async_write_some(const ConstBufferSequence&, const WriteHandler&)’:
/home/pidev/SeniorDesign/includes/boost/asio/posix/basic_stream_descriptor.hpp:233:59: warning: typedef ‘type_check’ locally defined but not used [-Wunused-local-typedefs]
     BOOST_ASIO_WRITE_HANDLER_CHECK(WriteHandler, handler) type_check;
                                                           ^
/home/pidev/SeniorDesign/includes/boost/asio/posix/basic_stream_descriptor.hpp: In member function ‘void boost::asio::posix::basic_stream_descriptor<StreamDescriptorService>::async_read_some(const MutableBufferSequence&, const ReadHandler&)’:
/home/pidev/SeniorDesign/includes/boost/asio/posix/basic_stream_descriptor.hpp:344:57: warning: typedef ‘type_check’ locally defined but not used [-Wunused-local-typedefs]
     BOOST_ASIO_READ_HANDLER_CHECK(ReadHandler, handler) type_check;
                                                         ^
In file included from /home/pidev/SeniorDesign/includes/boost/asio/read.hpp:622:0,
                 from /home/pidev/SeniorDesign/includes/boost/asio.hpp:80,
                 from /home/pidev/SeniorDesign/websocketpp/websocketpp/transport/asio/connection.hpp:43,
                 from /home/pidev/SeniorDesign/websocketpp/websocketpp/transport/asio/endpoint.hpp:34,
                 from /home/pidev/SeniorDesign/websocketpp/websocketpp/config/asio_no_tls.hpp:32,
                 from ../RoadStarServer.cpp:10:
/home/pidev/SeniorDesign/includes/boost/asio/impl/read.hpp: In function ‘void boost::asio::async_read(AsyncReadStream&, const MutableBufferSequence&, CompletionCondition, const ReadHandler&)’:
/home/pidev/SeniorDesign/includes/boost/asio/impl/read.hpp:509:55: warning: typedef ‘type_check’ locally defined but not used [-Wunused-local-typedefs]
   BOOST_ASIO_READ_HANDLER_CHECK(ReadHandler, handler) type_check;
                                                       ^
/home/pidev/SeniorDesign/includes/boost/asio/impl/read.hpp: In function ‘void boost::asio::async_read(AsyncReadStream&, const MutableBufferSequence&, const ReadHandler&)’:
/home/pidev/SeniorDesign/includes/boost/asio/impl/read.hpp:524:55: warning: typedef ‘type_check’ locally defined but not used [-Wunused-local-typedefs]
   BOOST_ASIO_READ_HANDLER_CHECK(ReadHandler, handler) type_check;
                                                       ^
/home/pidev/SeniorDesign/includes/boost/asio/impl/read.hpp: In function ‘void boost::asio::async_read(AsyncReadStream&, boost::asio::basic_streambuf<Allocator>&, CompletionCondition, const ReadHandler&)’:
/home/pidev/SeniorDesign/includes/boost/asio/impl/read.hpp:668:55: warning: typedef ‘type_check’ locally defined but not used [-Wunused-local-typedefs]
   BOOST_ASIO_READ_HANDLER_CHECK(ReadHandler, handler) type_check;
                                                       ^
/home/pidev/SeniorDesign/includes/boost/asio/impl/read.hpp: In function ‘void boost::asio::async_read(AsyncReadStream&, boost::asio::basic_streambuf<Allocator>&, const ReadHandler&)’:
/home/pidev/SeniorDesign/includes/boost/asio/impl/read.hpp:682:55: warning: typedef ‘type_check’ locally defined but not used [-Wunused-local-typedefs]
   BOOST_ASIO_READ_HANDLER_CHECK(ReadHandler, handler) type_check;
                                                       ^
In file included from /home/pidev/SeniorDesign/includes/boost/asio/read_at.hpp:655:0,
                 from /home/pidev/SeniorDesign/includes/boost/asio.hpp:81,
                 from /home/pidev/SeniorDesign/websocketpp/websocketpp/transport/asio/connection.hpp:43,
                 from /home/pidev/SeniorDesign/websocketpp/websocketpp/transport/asio/endpoint.hpp:34,
                 from /home/pidev/SeniorDesign/websocketpp/websocketpp/config/asio_no_tls.hpp:32,
                 from ../RoadStarServer.cpp:10:
/home/pidev/SeniorDesign/includes/boost/asio/impl/read_at.hpp: In function ‘void boost::asio::async_read_at(AsyncRandomAccessReadDevice&, uint64_t, const MutableBufferSequence&, CompletionCondition, const ReadHandler&)’:
/home/pidev/SeniorDesign/includes/boost/asio/impl/read_at.hpp:547:55: warning: typedef ‘type_check’ locally defined but not used [-Wunused-local-typedefs]
   BOOST_ASIO_READ_HANDLER_CHECK(ReadHandler, handler) type_check;
                                                       ^
/home/pidev/SeniorDesign/includes/boost/asio/impl/read_at.hpp: In function ‘void boost::asio::async_read_at(AsyncRandomAccessReadDevice&, uint64_t, const MutableBufferSequence&, const ReadHandler&)’:
/home/pidev/SeniorDesign/includes/boost/asio/impl/read_at.hpp:563:55: warning: typedef ‘type_check’ locally defined but not used [-Wunused-local-typedefs]
   BOOST_ASIO_READ_HANDLER_CHECK(ReadHandler, handler) type_check;
                                                       ^
/home/pidev/SeniorDesign/includes/boost/asio/impl/read_at.hpp: In function ‘void boost::asio::async_read_at(AsyncRandomAccessReadDevice&, uint64_t, boost::asio::basic_streambuf<Allocator>&, CompletionCondition, const ReadHandler&)’:
/home/pidev/SeniorDesign/includes/boost/asio/impl/read_at.hpp:714:55: warning: typedef ‘type_check’ locally defined but not used [-Wunused-local-typedefs]
   BOOST_ASIO_READ_HANDLER_CHECK(ReadHandler, handler) type_check;
                                                       ^
/home/pidev/SeniorDesign/includes/boost/asio/impl/read_at.hpp: In function ‘void boost::asio::async_read_at(AsyncRandomAccessReadDevice&, uint64_t, boost::asio::basic_streambuf<Allocator>&, const ReadHandler&)’:
/home/pidev/SeniorDesign/includes/boost/asio/impl/read_at.hpp:730:55: warning: typedef ‘type_check’ locally defined but not used [-Wunused-local-typedefs]
   BOOST_ASIO_READ_HANDLER_CHECK(ReadHandler, handler) type_check;
                                                       ^
In file included from /home/pidev/SeniorDesign/includes/boost/asio/read_until.hpp:902:0,
                 from /home/pidev/SeniorDesign/includes/boost/asio.hpp:82,
                 from /home/pidev/SeniorDesign/websocketpp/websocketpp/transport/asio/connection.hpp:43,
                 from /home/pidev/SeniorDesign/websocketpp/websocketpp/transport/asio/endpoint.hpp:34,
                 from /home/pidev/SeniorDesign/websocketpp/websocketpp/config/asio_no_tls.hpp:32,
                 from ../RoadStarServer.cpp:10:
/home/pidev/SeniorDesign/includes/boost/asio/impl/read_until.hpp: In function ‘void boost::asio::async_read_until(AsyncReadStream&, boost::asio::basic_streambuf<Allocator>&, char, const ReadHandler&)’:
/home/pidev/SeniorDesign/includes/boost/asio/impl/read_until.hpp:493:55: warning: typedef ‘type_check’ locally defined but not used [-Wunused-local-typedefs]
   BOOST_ASIO_READ_HANDLER_CHECK(ReadHandler, handler) type_check;
                                                       ^
/home/pidev/SeniorDesign/includes/boost/asio/impl/read_until.hpp: In function ‘void boost::asio::async_read_until(AsyncReadStream&, boost::asio::basic_streambuf<Allocator>&, const string&, const ReadHandler&)’:
/home/pidev/SeniorDesign/includes/boost/asio/impl/read_until.hpp:682:55: warning: typedef ‘type_check’ locally defined but not used [-Wunused-local-typedefs]
   BOOST_ASIO_READ_HANDLER_CHECK(ReadHandler, handler) type_check;
                                                       ^
/home/pidev/SeniorDesign/includes/boost/asio/impl/read_until.hpp: In function ‘void boost::asio::async_read_until(AsyncReadStream&, boost::asio::basic_streambuf<Allocator>&, const regex&, const ReadHandler&)’:
/home/pidev/SeniorDesign/includes/boost/asio/impl/read_until.hpp:878:55: warning: typedef ‘type_check’ locally defined but not used [-Wunused-local-typedefs]
   BOOST_ASIO_READ_HANDLER_CHECK(ReadHandler, handler) type_check;
                                                       ^
/home/pidev/SeniorDesign/includes/boost/asio/impl/read_until.hpp: In function ‘void boost::asio::async_read_until(AsyncReadStream&, boost::asio::basic_streambuf<Allocator>&, MatchCondition, const ReadHandler&, typename boost::enable_if<boost::asio::is_match_condition<MatchCondition> >::type*)’:
/home/pidev/SeniorDesign/includes/boost/asio/impl/read_until.hpp:1074:55: warning: typedef ‘type_check’ locally defined but not used [-Wunused-local-typedefs]
   BOOST_ASIO_READ_HANDLER_CHECK(ReadHandler, handler) type_check;
                                                       ^
In file included from /home/pidev/SeniorDesign/includes/boost/asio.hpp:91:0,
                 from /home/pidev/SeniorDesign/websocketpp/websocketpp/transport/asio/connection.hpp:43,
                 from /home/pidev/SeniorDesign/websocketpp/websocketpp/transport/asio/endpoint.hpp:34,
                 from /home/pidev/SeniorDesign/websocketpp/websocketpp/config/asio_no_tls.hpp:32,
                 from ../RoadStarServer.cpp:10:
/home/pidev/SeniorDesign/includes/boost/asio/strand.hpp: In member function ‘void boost::asio::io_service::strand::dispatch(const CompletionHandler&)’:
/home/pidev/SeniorDesign/includes/boost/asio/strand.hpp:148:69: warning: typedef ‘type_check’ locally defined but not used [-Wunused-local-typedefs]
     BOOST_ASIO_COMPLETION_HANDLER_CHECK(CompletionHandler, handler) type_check;
                                                                     ^
/home/pidev/SeniorDesign/includes/boost/asio/strand.hpp: In member function ‘void boost::asio::io_service::strand::post(const CompletionHandler&)’:
/home/pidev/SeniorDesign/includes/boost/asio/strand.hpp:174:69: warning: typedef ‘type_check’ locally defined but not used [-Wunused-local-typedefs]
     BOOST_ASIO_COMPLETION_HANDLER_CHECK(CompletionHandler, handler) type_check;
                                                                     ^
In file included from /home/pidev/SeniorDesign/includes/boost/asio/write_at.hpp:641:0,
                 from /home/pidev/SeniorDesign/includes/boost/asio.hpp:110,
                 from /home/pidev/SeniorDesign/websocketpp/websocketpp/transport/asio/connection.hpp:43,
                 from /home/pidev/SeniorDesign/websocketpp/websocketpp/transport/asio/endpoint.hpp:34,
                 from /home/pidev/SeniorDesign/websocketpp/websocketpp/config/asio_no_tls.hpp:32,
                 from ../RoadStarServer.cpp:10:
/home/pidev/SeniorDesign/includes/boost/asio/impl/write_at.hpp: In function ‘void boost::asio::async_write_at(AsyncRandomAccessWriteDevice&, uint64_t, const ConstBufferSequence&, CompletionCondition, const WriteHandler&)’:
/home/pidev/SeniorDesign/includes/boost/asio/impl/write_at.hpp:606:57: warning: typedef ‘type_check’ locally defined but not used [-Wunused-local-typedefs]
   BOOST_ASIO_WRITE_HANDLER_CHECK(WriteHandler, handler) type_check;
                                                         ^
/home/pidev/SeniorDesign/includes/boost/asio/impl/write_at.hpp: In function ‘void boost::asio::async_write_at(AsyncRandomAccessWriteDevice&, uint64_t, const ConstBufferSequence&, const WriteHandler&)’:
/home/pidev/SeniorDesign/includes/boost/asio/impl/write_at.hpp:622:57: warning: typedef ‘type_check’ locally defined but not used [-Wunused-local-typedefs]
   BOOST_ASIO_WRITE_HANDLER_CHECK(WriteHandler, handler) type_check;
                                                         ^
/home/pidev/SeniorDesign/includes/boost/asio/impl/write_at.hpp: In function ‘void boost::asio::async_write_at(AsyncRandomAccessWriteDevice&, uint64_t, boost::asio::basic_streambuf<Allocator>&, CompletionCondition, const WriteHandler&)’:
/home/pidev/SeniorDesign/includes/boost/asio/impl/write_at.hpp:722:57: warning: typedef ‘type_check’ locally defined but not used [-Wunused-local-typedefs]
   BOOST_ASIO_WRITE_HANDLER_CHECK(WriteHandler, handler) type_check;
                                                         ^
/home/pidev/SeniorDesign/includes/boost/asio/impl/write_at.hpp: In function ‘void boost::asio::async_write_at(AsyncRandomAccessWriteDevice&, uint64_t, boost::asio::basic_streambuf<Allocator>&, const WriteHandler&)’:
/home/pidev/SeniorDesign/includes/boost/asio/impl/write_at.hpp:737:57: warning: typedef ‘type_check’ locally defined but not used [-Wunused-local-typedefs]
   BOOST_ASIO_WRITE_HANDLER_CHECK(WriteHandler, handler) type_check;
                                                         ^
../RoadStarServer.cpp: In function ‘int main()’:
../RoadStarServer.cpp:41:9: warning: variable ‘GPIOfrequencySteering’ set but not used [-Wunused-but-set-variable]
     int GPIOfrequencySteering;
         ^
../RoadStarServer.cpp:42:9: warning: variable ‘GPIOfrequencyMotor’ set but not used [-Wunused-but-set-variable]
     int GPIOfrequencyMotor;
         ^
/tmp/ccEo5J2Y.s: Assembler messages:
/tmp/ccEo5J2Y.s:26895: Warning: swp{b} use is deprecated for ARMv6 and ARMv7
Finished building: ../RoadStarServer.cpp
 
Building target: RoadStar Server
Invoking: Cross G++ Linker
arm-linux-gnueabihf-g++ -L/home/pidev/SeniorDesign/websocketpp -L/home/pidev/SeniorDesign/pigpio -L/home/pidev/SeniorDesign/includes -L/home/pidev/SeniorDesign/lib -o "RoadStar Server"  ./RoadStarServer.o   -lboost_system -lrt -lpigpio -lpthread
Finished building target: RoadStar Server
 
