11:30:58 **** Incremental Build of configuration Debug for project pigpio ****
make all 
Building target: pigpio
Invoking: Cross G++ Linker
arm-linux-gnueabihf-g++ -L/home/pidev/SeniorDesign/lib -o "pigpio"  ./checklib.o ./command.o ./pig2vcd.o ./pigpio.o ./pigpiod.o ./pigpiod_if.o ./pigs.o ./x_pigpio.o ./x_pigpiod_if.o   -lpthread -lrt
./pig2vcd.o: In function `main':
/home/pidev/SeniorDesign/SeniorDesignSuperCar/workspace/pigpio/Debug/../pig2vcd.c:73: multiple definition of `main'
./checklib.o:/home/pidev/SeniorDesign/SeniorDesignSuperCar/workspace/pigpio/Debug/../checklib.c:599: first defined here
./pigpiod.o: In function `main':
/home/pidev/SeniorDesign/SeniorDesignSuperCar/workspace/pigpio/Debug/../pigpiod.c:222: multiple definition of `main'
./checklib.o:/home/pidev/SeniorDesign/SeniorDesignSuperCar/workspace/pigpio/Debug/../checklib.c:599: first defined here
./pigpiod_if.o: In function `time_time':
/home/pidev/SeniorDesign/SeniorDesignSuperCar/workspace/pigpio/Debug/../pigpiod_if.c:349: multiple definition of `time_time'
./pigpio.o:/home/pidev/SeniorDesign/SeniorDesignSuperCar/workspace/pigpio/Debug/../pigpio.c:4381: first defined here
./pigpiod_if.o: In function `time_sleep':
/home/pidev/SeniorDesign/SeniorDesignSuperCar/workspace/pigpio/Debug/../pigpiod_if.c:361: multiple definition of `time_sleep'
./pigpio.o:/home/pidev/SeniorDesign/SeniorDesignSuperCar/workspace/pigpio/Debug/../pigpio.c:4395: first defined here
./pigs.o: In function `fatal':
/home/pidev/SeniorDesign/SeniorDesignSuperCar/workspace/pigpio/Debug/../pigs.c:56: multiple definition of `fatal'
./pigpiod.o:/home/pidev/SeniorDesign/SeniorDesignSuperCar/workspace/pigpio/Debug/../pigpiod.c:67: first defined here
./pigs.o: In function `main':
/home/pidev/SeniorDesign/SeniorDesignSuperCar/workspace/pigpio/Debug/../pigs.c:258: multiple definition of `main'
./checklib.o:/home/pidev/SeniorDesign/SeniorDesignSuperCar/workspace/pigpio/Debug/../checklib.c:599: first defined here
./x_pigpio.o: In function `main':
/home/pidev/SeniorDesign/SeniorDesignSuperCar/workspace/pigpio/Debug/../x_pigpio.c:627: multiple definition of `main'
./checklib.o:/home/pidev/SeniorDesign/SeniorDesignSuperCar/workspace/pigpio/Debug/../checklib.c:599: first defined here
./x_pigpiod_if.o: In function `CHECK':
/home/pidev/SeniorDesign/SeniorDesignSuperCar/workspace/pigpio/Debug/../x_pigpiod_if.c:25: multiple definition of `CHECK'
./x_pigpio.o:/home/pidev/SeniorDesign/SeniorDesignSuperCar/workspace/pigpio/Debug/../x_pigpio.c:28: first defined here
./x_pigpiod_if.o: In function `t0':
/home/pidev/SeniorDesign/SeniorDesignSuperCar/workspace/pigpio/Debug/../x_pigpiod_if.c:39: multiple definition of `t0'
./x_pigpio.o:/home/pidev/SeniorDesign/SeniorDesignSuperCar/workspace/pigpio/Debug/../x_pigpio.c:42: first defined here
./x_pigpiod_if.o: In function `t1':
/home/pidev/SeniorDesign/SeniorDesignSuperCar/workspace/pigpio/Debug/../x_pigpiod_if.c:48: multiple definition of `t1'
./x_pigpio.o:/home/pidev/SeniorDesign/SeniorDesignSuperCar/workspace/pigpio/Debug/../x_pigpio.c:51: first defined here
./x_pigpiod_if.o: In function `CHECK':
/home/pidev/SeniorDesign/SeniorDesignSuperCar/workspace/pigpio/Debug/../x_pigpiod_if.c:25: multiple definition of `t2_count'
./x_pigpio.o:/home/pidev/SeniorDesign/SeniorDesignSuperCar/workspace/pigpio/Debug/../x_pigpio.c:28: first defined here
./x_pigpiod_if.o: In function `t2cb':
/home/pidev/SeniorDesign/SeniorDesignSuperCar/workspace/pigpio/Debug/../x_pigpiod_if.c:80: multiple definition of `t2cb'
./x_pigpio.o:/home/pidev/SeniorDesign/SeniorDesignSuperCar/workspace/pigpio/Debug/../x_pigpio.c:83: first defined here
./x_pigpiod_if.o: In function `t2':
/home/pidev/SeniorDesign/SeniorDesignSuperCar/workspace/pigpio/Debug/../x_pigpiod_if.c:85: multiple definition of `t2'
./x_pigpio.o:/home/pidev/SeniorDesign/SeniorDesignSuperCar/workspace/pigpio/Debug/../x_pigpio.c:88: first defined here
./x_pigpiod_if.o:(.data+0x0): multiple definition of `t3_reset'
./x_pigpio.o:(.data+0x4): first defined here
./x_pigpiod_if.o: In function `CHECK':
/home/pidev/SeniorDesign/SeniorDesignSuperCar/workspace/pigpio/Debug/../x_pigpiod_if.c:25: multiple definition of `t3_count'
./x_pigpio.o:/home/pidev/SeniorDesign/SeniorDesignSuperCar/workspace/pigpio/Debug/../x_pigpio.c:28: first defined here
./x_pigpiod_if.o: In function `CHECK':
/home/pidev/SeniorDesign/SeniorDesignSuperCar/workspace/pigpio/Debug/../x_pigpiod_if.c:25: multiple definition of `t3_tick'
./x_pigpio.o:/home/pidev/SeniorDesign/SeniorDesignSuperCar/workspace/pigpio/Debug/../x_pigpio.c:28: first defined here
./x_pigpiod_if.o: In function `CHECK':
/home/pidev/SeniorDesign/SeniorDesignSuperCar/workspace/pigpio/Debug/../x_pigpiod_if.c:25: multiple definition of `t3_on'
./x_pigpio.o:/home/pidev/SeniorDesign/SeniorDesignSuperCar/workspace/pigpio/Debug/../x_pigpio.c:28: first defined here
./x_pigpiod_if.o: In function `CHECK':
/home/pidev/SeniorDesign/SeniorDesignSuperCar/workspace/pigpio/Debug/../x_pigpiod_if.c:25: multiple definition of `t3_off'
./x_pigpio.o:/home/pidev/SeniorDesign/SeniorDesignSuperCar/workspace/pigpio/Debug/../x_pigpio.c:28: first defined here
./x_pigpiod_if.o: In function `t3cbf':
/home/pidev/SeniorDesign/SeniorDesignSuperCar/workspace/pigpio/Debug/../x_pigpiod_if.c:151: multiple definition of `t3cbf'
./x_pigpio.o:/home/pidev/SeniorDesign/SeniorDesignSuperCar/workspace/pigpio/Debug/../x_pigpio.c:155: first defined here
./x_pigpiod_if.o: In function `t3':
/home/pidev/SeniorDesign/SeniorDesignSuperCar/workspace/pigpio/Debug/../x_pigpiod_if.c:174: multiple definition of `t3'
./x_pigpio.o:/home/pidev/SeniorDesign/SeniorDesignSuperCar/workspace/pigpio/Debug/../x_pigpio.c:197: first defined here
./x_pigpiod_if.o: In function `t4':
/home/pidev/SeniorDesign/SeniorDesignSuperCar/workspace/pigpio/Debug/../x_pigpiod_if.c:224: multiple definition of `t4'
./x_pigpio.o:/home/pidev/SeniorDesign/SeniorDesignSuperCar/workspace/pigpio/Debug/../x_pigpio.c:247: first defined here
./x_pigpiod_if.o: In function `CHECK':
/home/pidev/SeniorDesign/SeniorDesignSuperCar/workspace/pigpio/Debug/../x_pigpiod_if.c:25: multiple definition of `t5_count'
./x_pigpio.o:/home/pidev/SeniorDesign/SeniorDesignSuperCar/workspace/pigpio/Debug/../x_pigpio.c:28: first defined here
./x_pigpiod_if.o: In function `t5cbf':
/home/pidev/SeniorDesign/SeniorDesignSuperCar/workspace/pigpio/Debug/../x_pigpiod_if.c:292: multiple definition of `t5cbf'
./x_pigpio.o:/home/pidev/SeniorDesign/SeniorDesignSuperCar/workspace/pigpio/Debug/../x_pigpio.c:316: first defined here
./x_pigpiod_if.o: In function `t5':
/home/pidev/SeniorDesign/SeniorDesignSuperCar/workspace/pigpio/Debug/../x_pigpiod_if.c:297: multiple definition of `t5'
./x_pigpio.o:/home/pidev/SeniorDesign/SeniorDesignSuperCar/workspace/pigpio/Debug/../x_pigpio.c:321: first defined here
./x_pigpiod_if.o: In function `CHECK':
/home/pidev/SeniorDesign/SeniorDesignSuperCar/workspace/pigpio/Debug/../x_pigpiod_if.c:25: multiple definition of `t6_count'
./x_pigpio.o:/home/pidev/SeniorDesign/SeniorDesignSuperCar/workspace/pigpio/Debug/../x_pigpio.c:28: first defined here
./x_pigpiod_if.o: In function `CHECK':
/home/pidev/SeniorDesign/SeniorDesignSuperCar/workspace/pigpio/Debug/../x_pigpiod_if.c:26: multiple definition of `t6_on'
./x_pigpio.o:/home/pidev/SeniorDesign/SeniorDesignSuperCar/workspace/pigpio/Debug/../x_pigpio.c:29: first defined here
./x_pigpiod_if.o: In function `CHECK':
/home/pidev/SeniorDesign/SeniorDesignSuperCar/workspace/pigpio/Debug/../x_pigpiod_if.c:26: multiple definition of `t6_on_tick'
./x_pigpio.o:/home/pidev/SeniorDesign/SeniorDesignSuperCar/workspace/pigpio/Debug/../x_pigpio.c:29: first defined here
./x_pigpiod_if.o: In function `t6cbf':
/home/pidev/SeniorDesign/SeniorDesignSuperCar/workspace/pigpio/Debug/../x_pigpiod_if.c:413: multiple definition of `t6cbf'
./x_pigpio.o:/home/pidev/SeniorDesign/SeniorDesignSuperCar/workspace/pigpio/Debug/../x_pigpio.c:434: first defined here
./x_pigpiod_if.o: In function `t6':
/home/pidev/SeniorDesign/SeniorDesignSuperCar/workspace/pigpio/Debug/../x_pigpiod_if.c:426: multiple definition of `t6'
./x_pigpio.o:/home/pidev/SeniorDesign/SeniorDesignSuperCar/workspace/pigpio/Debug/../x_pigpio.c:447: first defined here
./x_pigpiod_if.o: In function `CHECK':
/home/pidev/SeniorDesign/SeniorDesignSuperCar/workspace/pigpio/Debug/../x_pigpiod_if.c:26: multiple definition of `t7_count'
./x_pigpio.o:/home/pidev/SeniorDesign/SeniorDesignSuperCar/workspace/pigpio/Debug/../x_pigpio.c:29: first defined here
./x_pigpiod_if.o: In function `t7cbf':
/home/pidev/SeniorDesign/SeniorDesignSuperCar/workspace/pigpio/Debug/../x_pigpiod_if.c:457: multiple definition of `t7cbf'
./x_pigpio.o:/home/pidev/SeniorDesign/SeniorDesignSuperCar/workspace/pigpio/Debug/../x_pigpio.c:476: first defined here
./x_pigpiod_if.o: In function `t7':
/home/pidev/SeniorDesign/SeniorDesignSuperCar/workspace/pigpio/Debug/../x_pigpiod_if.c:462: multiple definition of `t7'
./x_pigpio.o:/home/pidev/SeniorDesign/SeniorDesignSuperCar/workspace/pigpio/Debug/../x_pigpio.c:481: first defined here
./x_pigpiod_if.o: In function `t8':
/home/pidev/SeniorDesign/SeniorDesignSuperCar/workspace/pigpio/Debug/../x_pigpiod_if.c:486: multiple definition of `t8'
./x_pigpio.o:/home/pidev/SeniorDesign/SeniorDesignSuperCar/workspace/pigpio/Debug/../x_pigpio.c:505: first defined here
./x_pigpiod_if.o: In function `CHECK':
/home/pidev/SeniorDesign/SeniorDesignSuperCar/workspace/pigpio/Debug/../x_pigpiod_if.c:26: multiple definition of `t9_count'
./x_pigpio.o:/home/pidev/SeniorDesign/SeniorDesignSuperCar/workspace/pigpio/Debug/../x_pigpio.c:29: first defined here
./x_pigpiod_if.o: In function `t9cbf':
/home/pidev/SeniorDesign/SeniorDesignSuperCar/workspace/pigpio/Debug/../x_pigpiod_if.c:531: multiple definition of `t9cbf'
./x_pigpio.o:/home/pidev/SeniorDesign/SeniorDesignSuperCar/workspace/pigpio/Debug/../x_pigpio.c:548: first defined here
./x_pigpiod_if.o: In function `t9':
/home/pidev/SeniorDesign/SeniorDesignSuperCar/workspace/pigpio/Debug/../x_pigpiod_if.c:536: multiple definition of `t9'
./x_pigpio.o:/home/pidev/SeniorDesign/SeniorDesignSuperCar/workspace/pigpio/Debug/../x_pigpio.c:553: first defined here
./x_pigpiod_if.o: In function `main':
/home/pidev/SeniorDesign/SeniorDesignSuperCar/workspace/pigpio/Debug/../x_pigpiod_if.c:607: multiple definition of `main'
./checklib.o:/home/pidev/SeniorDesign/SeniorDesignSuperCar/workspace/pigpio/Debug/../checklib.c:599: first defined here
collect2: error: ld returned 1 exit status
make: *** [pigpio] Error 1

11:31:00 Build Finished (took 2s.150ms)

