14:21:11 **** Incremental Build of configuration Debug for project RoadStar Server ****
make all 
Building file: ../RoadStarServer.cpp
Invoking: Cross G++ Compiler
arm-linux-gnueabihf-g++ -I/home/pidev/SeniorDesign/websocketpp -I/home/pidev/SeniorDesign/pigpio -I/home/pidev/SeniorDesign/includes -include/home/pidev/SeniorDesign/pigpio/pigpio.h -O0 -g3 -Wall -c -fmessage-length=0 -MMD -MP -MF"RoadStarServer.d" -MT"RoadStarServer.d" -o "RoadStarServer.o" "../RoadStarServer.cpp"
In file included from /home/pidev/SeniorDesign/includes/boost/config.hpp:57:0,
                 from /home/pidev/SeniorDesign/includes/boost/thread/detail/platform.hpp:14,
                 from /home/pidev/SeniorDesign/includes/boost/thread/thread.hpp:12,
                 from /home/pidev/SeniorDesign/includes/boost/thread.hpp:13,
                 from /home/pidev/SeniorDesign/websocketpp/websocketpp/common/thread.hpp:42,
                 from /home/pidev/SeniorDesign/websocketpp/websocketpp/concurrency/basic.hpp:31,
                 from /home/pidev/SeniorDesign/websocketpp/websocketpp/config/core.hpp:37,
                 from /home/pidev/SeniorDesign/websocketpp/websocketpp/config/asio_no_tls.hpp:31,
                 from ../RoadStarServer.cpp:8:
/home/pidev/SeniorDesign/includes/boost/optional/optional.hpp: In member function ‘void boost::optional_detail::optional_base<T>::construct(const Expr&, const boost::in_place_factory_base*)’:
/home/pidev/SeniorDesign/includes/boost/static_assert.hpp:125:21: warning: typedef ‘boost_static_assert_typedef_355’ locally defined but not used [-Wunused-local-typedefs]
          BOOST_JOIN(boost_static_assert_typedef_, __LINE__)
                     ^
/home/pidev/SeniorDesign/includes/boost/optional/optional.hpp:355:8: note: in expansion of macro ‘BOOST_STATIC_ASSERT’
        BOOST_STATIC_ASSERT ( ::boost::mpl::not_<is_reference_predicate>::value ) ;
        ^
/home/pidev/SeniorDesign/includes/boost/optional/optional.hpp: In member function ‘void boost::optional_detail::optional_base<T>::construct(const Expr&, const boost::typed_in_place_factory_base*)’:
/home/pidev/SeniorDesign/includes/boost/static_assert.hpp:125:21: warning: typedef ‘boost_static_assert_typedef_364’ locally defined but not used [-Wunused-local-typedefs]
          BOOST_JOIN(boost_static_assert_typedef_, __LINE__)
                     ^
/home/pidev/SeniorDesign/includes/boost/optional/optional.hpp:364:8: note: in expansion of macro ‘BOOST_STATIC_ASSERT’
        BOOST_STATIC_ASSERT ( ::boost::mpl::not_<is_reference_predicate>::value ) ;
        ^
In file included from /home/pidev/SeniorDesign/includes/boost/bind/bind.hpp:29:0,
                 from /home/pidev/SeniorDesign/includes/boost/bind.hpp:22,
                 from /home/pidev/SeniorDesign/includes/boost/thread/detail/thread.hpp:23,
                 from /home/pidev/SeniorDesign/includes/boost/thread/thread.hpp:22,
                 from /home/pidev/SeniorDesign/includes/boost/thread.hpp:13,
                 from /home/pidev/SeniorDesign/websocketpp/websocketpp/common/thread.hpp:42,
                 from /home/pidev/SeniorDesign/websocketpp/websocketpp/concurrency/basic.hpp:31,
                 from /home/pidev/SeniorDesign/websocketpp/websocketpp/config/core.hpp:37,
                 from /home/pidev/SeniorDesign/websocketpp/websocketpp/config/asio_no_tls.hpp:31,
                 from ../RoadStarServer.cpp:8:
/home/pidev/SeniorDesign/includes/boost/bind/arg.hpp: In constructor ‘boost::arg<I>::arg(const T&)’:
/home/pidev/SeniorDesign/includes/boost/bind/arg.hpp:37:22: warning: typedef ‘T_must_be_placeholder’ locally defined but not used [-Wunused-local-typedefs]
         typedef char T_must_be_placeholder[ I == is_placeholder<T>::value? 1: -1 ];
                      ^
In file included from /home/pidev/SeniorDesign/includes/boost/config.hpp:57:0,
                 from /home/pidev/SeniorDesign/includes/boost/thread/detail/platform.hpp:14,
                 from /home/pidev/SeniorDesign/includes/boost/thread/thread.hpp:12,
                 from /home/pidev/SeniorDesign/includes/boost/thread.hpp:13,
                 from /home/pidev/SeniorDesign/websocketpp/websocketpp/common/thread.hpp:42,
                 from /home/pidev/SeniorDesign/websocketpp/websocketpp/concurrency/basic.hpp:31,
                 from /home/pidev/SeniorDesign/websocketpp/websocketpp/config/core.hpp:37,
                 from /home/pidev/SeniorDesign/websocketpp/websocketpp/config/asio_no_tls.hpp:31,
                 from ../RoadStarServer.cpp:8:
/home/pidev/SeniorDesign/includes/boost/iterator/iterator_facade.hpp: In function ‘typename boost::detail::enable_if_interoperable<Derived1, Derived2, typename boost::mpl::apply2<boost::detail::always_bool2, Derived1, Derived2>::type>::type boost::operator==(const boost::iterator_facade<Derived1, V1, TC1, Reference1, Difference1>&, const boost::iterator_facade<Derived2, V2, TC2, Reference2, Difference2>&)’:
/home/pidev/SeniorDesign/includes/boost/static_assert.hpp:125:21: warning: typedef ‘boost_static_assert_typedef_832’ locally defined but not used [-Wunused-local-typedefs]
          BOOST_JOIN(boost_static_assert_typedef_, __LINE__)
                     ^
/home/pidev/SeniorDesign/includes/boost/iterator/iterator_facade.hpp: In function ‘typename boost::detail::enable_if_interoperable<Derived1, Derived2, typename boost::mpl::apply2<boost::detail::always_bool2, Derived1, Derived2>::type>::type boost::operator!=(const boost::iterator_facade<Derived1, V1, TC1, Reference1, Difference1>&, const boost::iterator_facade<Derived2, V2, TC2, Reference2, Difference2>&)’:
/home/pidev/SeniorDesign/includes/boost/static_assert.hpp:125:21: warning: typedef ‘boost_static_assert_typedef_833’ locally defined but not used [-Wunused-local-typedefs]
          BOOST_JOIN(boost_static_assert_typedef_, __LINE__)
                     ^
/home/pidev/SeniorDesign/includes/boost/iterator/iterator_facade.hpp: In function ‘typename boost::detail::enable_if_interoperable<Derived1, Derived2, typename boost::mpl::apply2<boost::detail::always_bool2, Derived1, Derived2>::type>::type boost::operator<(const boost::iterator_facade<Derived1, V1, TC1, Reference1, Difference1>&, const boost::iterator_facade<Derived2, V2, TC2, Reference2, Difference2>&)’:
/home/pidev/SeniorDesign/includes/boost/static_assert.hpp:125:21: warning: typedef ‘boost_static_assert_typedef_835’ locally defined but not used [-Wunused-local-typedefs]
          BOOST_JOIN(boost_static_assert_typedef_, __LINE__)
                     ^
/home/pidev/SeniorDesign/includes/boost/iterator/iterator_facade.hpp: In function ‘typename boost::detail::enable_if_interoperable<Derived1, Derived2, typename boost::mpl::apply2<boost::detail::always_bool2, Derived1, Derived2>::type>::type boost::operator>(const boost::iterator_facade<Derived1, V1, TC1, Reference1, Difference1>&, const boost::iterator_facade<Derived2, V2, TC2, Reference2, Difference2>&)’:
/home/pidev/SeniorDesign/includes/boost/static_assert.hpp:125:21: warning: typedef ‘boost_static_assert_typedef_836’ locally defined but not used [-Wunused-local-typedefs]
          BOOST_JOIN(boost_static_assert_typedef_, __LINE__)
                     ^
/home/pidev/SeniorDesign/includes/boost/iterator/iterator_facade.hpp: In function ‘typename boost::detail::enable_if_interoperable<Derived1, Derived2, typename boost::mpl::apply2<boost::detail::always_bool2, Derived1, Derived2>::type>::type boost::operator<=(const boost::iterator_facade<Derived1, V1, TC1, Reference1, Difference1>&, const boost::iterator_facade<Derived2, V2, TC2, Reference2, Difference2>&)’:
/home/pidev/SeniorDesign/includes/boost/static_assert.hpp:125:21: warning: typedef ‘boost_static_assert_typedef_837’ locally defined but not used [-Wunused-local-typedefs]
          BOOST_JOIN(boost_static_assert_typedef_, __LINE__)
                     ^
/home/pidev/SeniorDesign/includes/boost/iterator/iterator_facade.hpp: In function ‘typename boost::detail::enable_if_interoperable<Derived1, Derived2, typename boost::mpl::apply2<boost::detail::always_bool2, Derived1, Derived2>::type>::type boost::operator>=(const boost::iterator_facade<Derived1, V1, TC1, Reference1, Difference1>&, const boost::iterator_facade<Derived2, V2, TC2, Reference2, Difference2>&)’:
/home/pidev/SeniorDesign/includes/boost/static_assert.hpp:125:21: warning: typedef ‘boost_static_assert_typedef_838’ locally defined but not used [-Wunused-local-typedefs]
          BOOST_JOIN(boost_static_assert_typedef_, __LINE__)
                     ^
/home/pidev/SeniorDesign/includes/boost/iterator/iterator_facade.hpp: In function ‘typename boost::detail::enable_if_interoperable<Derived1, Derived2, typename boost::mpl::apply2<boost::detail::choose_difference_type, Derived1, Derived2>::type>::type boost::operator-(const boost::iterator_facade<Derived1, V1, TC1, Reference1, Difference1>&, const boost::iterator_facade<Derived2, V2, TC2, Reference2, Difference2>&)’:
/home/pidev/SeniorDesign/includes/boost/static_assert.hpp:125:21: warning: typedef ‘boost_static_assert_typedef_847’ locally defined but not used [-Wunused-local-typedefs]
          BOOST_JOIN(boost_static_assert_typedef_, __LINE__)
                     ^
/home/pidev/SeniorDesign/includes/boost/iterator/iterator_adaptor.hpp: In function ‘void boost::detail::iterator_adaptor_assert_traversal()’:
/home/pidev/SeniorDesign/includes/boost/static_assert.hpp:125:21: warning: typedef ‘boost_static_assert_typedef_224’ locally defined but not used [-Wunused-local-typedefs]
          BOOST_JOIN(boost_static_assert_typedef_, __LINE__)
                     ^
In file included from /home/pidev/SeniorDesign/includes/boost/asio/io_service.hpp:767:0,
                 from /home/pidev/SeniorDesign/includes/boost/asio/basic_io_object.hpp:19,
                 from /home/pidev/SeniorDesign/includes/boost/asio/basic_socket.hpp:19,
                 from /home/pidev/SeniorDesign/includes/boost/asio/basic_datagram_socket.hpp:20,
                 from /home/pidev/SeniorDesign/includes/boost/asio.hpp:20,
                 from /home/pidev/SeniorDesign/websocketpp/websocketpp/transport/asio/connection.hpp:43,
                 from /home/pidev/SeniorDesign/websocketpp/websocketpp/transport/asio/endpoint.hpp:34,
                 from /home/pidev/SeniorDesign/websocketpp/websocketpp/config/asio_no_tls.hpp:32,
                 from ../RoadStarServer.cpp:8:
/home/pidev/SeniorDesign/includes/boost/asio/impl/io_service.hpp: In member function ‘void boost::asio::io_service::dispatch(const CompletionHandler&)’:
/home/pidev/SeniorDesign/includes/boost/asio/impl/io_service.hpp:85:67: warning: typedef ‘type_check’ locally defined but not used [-Wunused-local-typedefs]
   BOOST_ASIO_COMPLETION_HANDLER_CHECK(CompletionHandler, handler) type_check;
                                                                   ^
/home/pidev/SeniorDesign/includes/boost/asio/impl/io_service.hpp: In member function ‘void boost::asio::io_service::post(const CompletionHandler&)’:
/home/pidev/SeniorDesign/includes/boost/asio/impl/io_service.hpp:95:67: warning: typedef ‘type_check’ locally defined but not used [-Wunused-local-typedefs]
   BOOST_ASIO_COMPLETION_HANDLER_CHECK(CompletionHandler, handler) type_check;
                                                                   ^
In file included from /home/pidev/SeniorDesign/includes/boost/asio/basic_datagram_socket.hpp:20:0,
                 from /home/pidev/SeniorDesign/includes/boost/asio.hpp:20,
                 from /home/pidev/SeniorDesign/websocketpp/websocketpp/transport/asio/connection.hpp:43,
                 from /home/pidev/SeniorDesign/websocketpp/websocketpp/transport/asio/endpoint.hpp:34,
                 from /home/pidev/SeniorDesign/websocketpp/websocketpp/config/asio_no_tls.hpp:32,
                 from ../RoadStarServer.cpp:8:
/home/pidev/SeniorDesign/includes/boost/asio/basic_socket.hpp: In member function ‘void boost::asio::basic_socket<Protocol, SocketService>::async_connect(const endpoint_type&, const ConnectHandler&)’:
/home/pidev/SeniorDesign/includes/boost/asio/basic_socket.hpp:706:63: warning: typedef ‘type_check’ locally defined but not used [-Wunused-local-typedefs]
     BOOST_ASIO_CONNECT_HANDLER_CHECK(ConnectHandler, handler) type_check;
                                                               ^
In file included from /home/pidev/SeniorDesign/includes/boost/asio.hpp:20:0,
                 from /home/pidev/SeniorDesign/websocketpp/websocketpp/transport/asio/connection.hpp:43,
                 from /home/pidev/SeniorDesign/websocketpp/websocketpp/transport/asio/endpoint.hpp:34,
                 from /home/pidev/SeniorDesign/websocketpp/websocketpp/config/asio_no_tls.hpp:32,
                 from ../RoadStarServer.cpp:8:
/home/pidev/SeniorDesign/includes/boost/asio/basic_datagram_socket.hpp: In member function ‘void boost::asio::basic_datagram_socket<Protocol, DatagramSocketService>::async_send(const ConstBufferSequence&, const WriteHandler&)’:
/home/pidev/SeniorDesign/includes/boost/asio/basic_datagram_socket.hpp:298:59: warning: typedef ‘type_check’ locally defined but not used [-Wunused-local-typedefs]
     BOOST_ASIO_WRITE_HANDLER_CHECK(WriteHandler, handler) type_check;
                                                           ^
/home/pidev/SeniorDesign/includes/boost/asio/basic_datagram_socket.hpp: In member function ‘void boost::asio::basic_datagram_socket<Protocol, DatagramSocketService>::async_send(const ConstBufferSequence&, boost::asio::socket_base::message_flags, const WriteHandler&)’:
/home/pidev/SeniorDesign/includes/boost/asio/basic_datagram_socket.hpp:340:59: warning: typedef ‘type_check’ locally defined but not used [-Wunused-local-typedefs]
     BOOST_ASIO_WRITE_HANDLER_CHECK(WriteHandler, handler) type_check;
                                                           ^
/home/pidev/SeniorDesign/includes/boost/asio/basic_datagram_socket.hpp: In member function ‘void boost::asio::basic_datagram_socket<Protocol, DatagramSocketService>::async_send_to(const ConstBufferSequence&, const endpoint_type&, const WriteHandler&)’:
/home/pidev/SeniorDesign/includes/boost/asio/basic_datagram_socket.hpp:478:59: warning: typedef ‘type_check’ locally defined but not used [-Wunused-local-typedefs]
     BOOST_ASIO_WRITE_HANDLER_CHECK(WriteHandler, handler) type_check;
                                                           ^
/home/pidev/SeniorDesign/includes/boost/asio/basic_datagram_socket.hpp: In member function ‘void boost::asio::basic_datagram_socket<Protocol, DatagramSocketService>::async_send_to(const ConstBufferSequence&, const endpoint_type&, boost::asio::socket_base::message_flags, const WriteHandler&)’:
/home/pidev/SeniorDesign/includes/boost/asio/basic_datagram_socket.hpp:518:59: warning: typedef ‘type_check’ locally defined but not used [-Wunused-local-typedefs]
     BOOST_ASIO_WRITE_HANDLER_CHECK(WriteHandler, handler) type_check;
                                                           ^
/home/pidev/SeniorDesign/includes/boost/asio/basic_datagram_socket.hpp: In member function ‘void boost::asio::basic_datagram_socket<Protocol, DatagramSocketService>::async_receive(const MutableBufferSequence&, const ReadHandler&)’:
/home/pidev/SeniorDesign/includes/boost/asio/basic_datagram_socket.hpp:655:57: warning: typedef ‘type_check’ locally defined but not used [-Wunused-local-typedefs]
     BOOST_ASIO_READ_HANDLER_CHECK(ReadHandler, handler) type_check;
                                                         ^
/home/pidev/SeniorDesign/includes/boost/asio/basic_datagram_socket.hpp: In member function ‘void boost::asio::basic_datagram_socket<Protocol, DatagramSocketService>::async_receive(const MutableBufferSequence&, boost::asio::socket_base::message_flags, const ReadHandler&)’:
/home/pidev/SeniorDesign/includes/boost/asio/basic_datagram_socket.hpp:696:57: warning: typedef ‘type_check’ locally defined but not used [-Wunused-local-typedefs]
     BOOST_ASIO_READ_HANDLER_CHECK(ReadHandler, handler) type_check;
                                                         ^
/home/pidev/SeniorDesign/includes/boost/asio/basic_datagram_socket.hpp: In member function ‘void boost::asio::basic_datagram_socket<Protocol, DatagramSocketService>::async_receive_from(const MutableBufferSequence&, boost::asio::basic_datagram_socket<Protocol, DatagramSocketService>::endpoint_type&, const ReadHandler&)’:
/home/pidev/SeniorDesign/includes/boost/asio/basic_datagram_socket.hpp:834:57: warning: typedef ‘type_check’ locally defined but not used [-Wunused-local-typedefs]
     BOOST_ASIO_READ_HANDLER_CHECK(ReadHandler, handler) type_check;
                                                         ^
/home/pidev/SeniorDesign/includes/boost/asio/basic_datagram_socket.hpp: In member function ‘void boost::asio::basic_datagram_socket<Protocol, DatagramSocketService>::async_receive_from(const MutableBufferSequence&, boost::asio::basic_datagram_socket<Protocol, DatagramSocketService>::endpoint_type&, boost::asio::socket_base::message_flags, const ReadHandler&)’:
/home/pidev/SeniorDesign/includes/boost/asio/basic_datagram_socket.hpp:876:57: warning: typedef ‘type_check’ locally defined but not used [-Wunused-local-typedefs]
     BOOST_ASIO_READ_HANDLER_CHECK(ReadHandler, handler) type_check;
                                                         ^
In file included from /home/pidev/SeniorDesign/includes/boost/asio.hpp:21:0,
                 from /home/pidev/SeniorDesign/websocketpp/websocketpp/transport/asio/connection.hpp:43,
                 from /home/pidev/SeniorDesign/websocketpp/websocketpp/transport/asio/endpoint.hpp:34,
                 from /home/pidev/SeniorDesign/websocketpp/websocketpp/config/asio_no_tls.hpp:32,
                 from ../RoadStarServer.cpp:8:
/home/pidev/SeniorDesign/includes/boost/asio/basic_deadline_timer.hpp: In member function ‘void boost::asio::basic_deadline_timer<Time, TimeTraits, TimerService>::async_wait(const WaitHandler&)’:
/home/pidev/SeniorDesign/includes/boost/asio/basic_deadline_timer.hpp:499:57: warning: typedef ‘type_check’ locally defined but not used [-Wunused-local-typedefs]
     BOOST_ASIO_WAIT_HANDLER_CHECK(WaitHandler, handler) type_check;
                                                         ^
In file included from /home/pidev/SeniorDesign/includes/boost/asio.hpp:23:0,
                 from /home/pidev/SeniorDesign/websocketpp/websocketpp/transport/asio/connection.hpp:43,
                 from /home/pidev/SeniorDesign/websocketpp/websocketpp/transport/asio/endpoint.hpp:34,
                 from /home/pidev/SeniorDesign/websocketpp/websocketpp/config/asio_no_tls.hpp:32,
                 from ../RoadStarServer.cpp:8:
/home/pidev/SeniorDesign/includes/boost/asio/basic_raw_socket.hpp: In member function ‘void boost::asio::basic_raw_socket<Protocol, RawSocketService>::async_send(const ConstBufferSequence&, const WriteHandler&)’:
/home/pidev/SeniorDesign/includes/boost/asio/basic_raw_socket.hpp:293:59: warning: typedef ‘type_check’ locally defined but not used [-Wunused-local-typedefs]
     BOOST_ASIO_WRITE_HANDLER_CHECK(WriteHandler, handler) type_check;
                                                           ^
/home/pidev/SeniorDesign/includes/boost/asio/basic_raw_socket.hpp: In member function ‘void boost::asio::basic_raw_socket<Protocol, RawSocketService>::async_send(const ConstBufferSequence&, boost::asio::socket_base::message_flags, const WriteHandler&)’:
/home/pidev/SeniorDesign/includes/boost/asio/basic_raw_socket.hpp:334:59: warning: typedef ‘type_check’ locally defined but not used [-Wunused-local-typedefs]
     BOOST_ASIO_WRITE_HANDLER_CHECK(WriteHandler, handler) type_check;
                                                           ^
/home/pidev/SeniorDesign/includes/boost/asio/basic_raw_socket.hpp: In member function ‘void boost::asio::basic_raw_socket<Protocol, RawSocketService>::async_send_to(const ConstBufferSequence&, const endpoint_type&, const WriteHandler&)’:
/home/pidev/SeniorDesign/includes/boost/asio/basic_raw_socket.hpp:472:59: warning: typedef ‘type_check’ locally defined but not used [-Wunused-local-typedefs]
     BOOST_ASIO_WRITE_HANDLER_CHECK(WriteHandler, handler) type_check;
                                                           ^
/home/pidev/SeniorDesign/includes/boost/asio/basic_raw_socket.hpp: In member function ‘void boost::asio::basic_raw_socket<Protocol, RawSocketService>::async_send_to(const ConstBufferSequence&, const endpoint_type&, boost::asio::socket_base::message_flags, const WriteHandler&)’:
/home/pidev/SeniorDesign/includes/boost/asio/basic_raw_socket.hpp:512:59: warning: typedef ‘type_check’ locally defined but not used [-Wunused-local-typedefs]
     BOOST_ASIO_WRITE_HANDLER_CHECK(WriteHandler, handler) type_check;
                                                           ^
/home/pidev/SeniorDesign/includes/boost/asio/basic_raw_socket.hpp: In member function ‘void boost::asio::basic_raw_socket<Protocol, RawSocketService>::async_receive(const MutableBufferSequence&, const ReadHandler&)’:
/home/pidev/SeniorDesign/includes/boost/asio/basic_raw_socket.hpp:649:57: warning: typedef ‘type_check’ locally defined but not used [-Wunused-local-typedefs]
     BOOST_ASIO_READ_HANDLER_CHECK(ReadHandler, handler) type_check;
                                                         ^
/home/pidev/SeniorDesign/includes/boost/asio/basic_raw_socket.hpp: In member function ‘void boost::asio::basic_raw_socket<Protocol, RawSocketService>::async_receive(const MutableBufferSequence&, boost::asio::socket_base::message_flags, const ReadHandler&)’:
/home/pidev/SeniorDesign/includes/boost/asio/basic_raw_socket.hpp:690:57: warning: typedef ‘type_check’ locally defined but not used [-Wunused-local-typedefs]
     BOOST_ASIO_READ_HANDLER_CHECK(ReadHandler, handler) type_check;
                                                         ^
/home/pidev/SeniorDesign/includes/boost/asio/basic_raw_socket.hpp: In member function ‘void boost::asio::basic_raw_socket<Protocol, RawSocketService>::async_receive_from(const MutableBufferSequence&, boost::asio::basic_raw_socket<Protocol, RawSocketService>::endpoint_type&, const ReadHandler&)’:
/home/pidev/SeniorDesign/includes/boost/asio/basic_raw_socket.hpp:828:57: warning: typedef ‘type_check’ locally defined but not used [-Wunused-local-typedefs]
     BOOST_ASIO_READ_HANDLER_CHECK(ReadHandler, handler) type_check;
                                                         ^
/home/pidev/SeniorDesign/includes/boost/asio/basic_raw_socket.hpp: In member function ‘void boost::asio::basic_raw_socket<Protocol, RawSocketService>::async_receive_from(const MutableBufferSequence&, boost::asio::basic_raw_socket<Protocol, RawSocketService>::endpoint_type&, boost::asio::socket_base::message_flags, const ReadHandler&)’:
/home/pidev/SeniorDesign/includes/boost/asio/basic_raw_socket.hpp:870:57: warning: typedef ‘type_check’ locally defined but not used [-Wunused-local-typedefs]
     BOOST_ASIO_READ_HANDLER_CHECK(ReadHandler, handler) type_check;
                                                         ^
In file included from /home/pidev/SeniorDesign/includes/boost/asio.hpp:24:0,
                 from /home/pidev/SeniorDesign/websocketpp/websocketpp/transport/asio/connection.hpp:43,
                 from /home/pidev/SeniorDesign/websocketpp/websocketpp/transport/asio/endpoint.hpp:34,
                 from /home/pidev/SeniorDesign/websocketpp/websocketpp/config/asio_no_tls.hpp:32,
                 from ../RoadStarServer.cpp:8:
/home/pidev/SeniorDesign/includes/boost/asio/basic_seq_packet_socket.hpp: In member function ‘void boost::asio::basic_seq_packet_socket<Protocol, SeqPacketSocketService>::async_send(const ConstBufferSequence&, boost::asio::socket_base::message_flags, const WriteHandler&)’:
/home/pidev/SeniorDesign/includes/boost/asio/basic_seq_packet_socket.hpp:276:59: warning: typedef ‘type_check’ locally defined but not used [-Wunused-local-typedefs]
     BOOST_ASIO_WRITE_HANDLER_CHECK(WriteHandler, handler) type_check;
                                                           ^
/home/pidev/SeniorDesign/includes/boost/asio/basic_seq_packet_socket.hpp: In member function ‘void boost::asio::basic_seq_packet_socket<Protocol, SeqPacketSocketService>::async_receive(const MutableBufferSequence&, boost::asio::socket_base::message_flags&, const ReadHandler&)’:
/home/pidev/SeniorDesign/includes/boost/asio/basic_seq_packet_socket.hpp:446:57: warning: typedef ‘type_check’ locally defined but not used [-Wunused-local-typedefs]
     BOOST_ASIO_READ_HANDLER_CHECK(ReadHandler, handler) type_check;
                                                         ^
/home/pidev/SeniorDesign/includes/boost/asio/basic_seq_packet_socket.hpp: In member function ‘void boost::asio::basic_seq_packet_socket<Protocol, SeqPacketSocketService>::async_receive(const MutableBufferSequence&, boost::asio::socket_base::message_flags, boost::asio::socket_base::message_flags&, const ReadHandler&)’:
/home/pidev/SeniorDesign/includes/boost/asio/basic_seq_packet_socket.hpp:502:57: warning: typedef ‘type_check’ locally defined but not used [-Wunused-local-typedefs]
     BOOST_ASIO_READ_HANDLER_CHECK(ReadHandler, handler) type_check;
                                                         ^
In file included from /home/pidev/SeniorDesign/includes/boost/asio.hpp:25:0,
                 from /home/pidev/SeniorDesign/websocketpp/websocketpp/transport/asio/connection.hpp:43,
                 from /home/pidev/SeniorDesign/websocketpp/websocketpp/transport/asio/endpoint.hpp:34,
                 from /home/pidev/SeniorDesign/websocketpp/websocketpp/config/asio_no_tls.hpp:32,
                 from ../RoadStarServer.cpp:8:
/home/pidev/SeniorDesign/includes/boost/asio/basic_serial_port.hpp: In member function ‘void boost::asio::basic_serial_port<SerialPortService>::async_write_some(const ConstBufferSequence&, const WriteHandler&)’:
/home/pidev/SeniorDesign/includes/boost/asio/basic_serial_port.hpp:567:59: warning: typedef ‘type_check’ locally defined but not used [-Wunused-local-typedefs]
     BOOST_ASIO_WRITE_HANDLER_CHECK(WriteHandler, handler) type_check;
                                                           ^
/home/pidev/SeniorDesign/includes/boost/asio/basic_serial_port.hpp: In member function ‘void boost::asio::basic_serial_port<SerialPortService>::async_read_some(const MutableBufferSequence&, const ReadHandler&)’:
/home/pidev/SeniorDesign/includes/boost/asio/basic_serial_port.hpp:678:57: warning: typedef ‘type_check’ locally defined but not used [-Wunused-local-typedefs]
     BOOST_ASIO_READ_HANDLER_CHECK(ReadHandler, handler) type_check;
                                                         ^
In file included from /home/pidev/SeniorDesign/includes/boost/asio.hpp:26:0,
                 from /home/pidev/SeniorDesign/websocketpp/websocketpp/transport/asio/connection.hpp:43,
                 from /home/pidev/SeniorDesign/websocketpp/websocketpp/transport/asio/endpoint.hpp:34,
                 from /home/pidev/SeniorDesign/websocketpp/websocketpp/config/asio_no_tls.hpp:32,
                 from ../RoadStarServer.cpp:8:
/home/pidev/SeniorDesign/includes/boost/asio/basic_signal_set.hpp: In member function ‘void boost::asio::basic_signal_set<SignalSetService>::async_wait(const SignalHandler&)’:
/home/pidev/SeniorDesign/includes/boost/asio/basic_signal_set.hpp:372:61: warning: typedef ‘type_check’ locally defined but not used [-Wunused-local-typedefs]
     BOOST_ASIO_SIGNAL_HANDLER_CHECK(SignalHandler, handler) type_check;
                                                             ^
In file included from /home/pidev/SeniorDesign/includes/boost/asio.hpp:27:0,
                 from /home/pidev/SeniorDesign/websocketpp/websocketpp/transport/asio/connection.hpp:43,
                 from /home/pidev/SeniorDesign/websocketpp/websocketpp/transport/asio/endpoint.hpp:34,
                 from /home/pidev/SeniorDesign/websocketpp/websocketpp/config/asio_no_tls.hpp:32,
                 from ../RoadStarServer.cpp:8:
/home/pidev/SeniorDesign/includes/boost/asio/basic_socket_acceptor.hpp: In member function ‘void boost::asio::basic_socket_acceptor<Protocol, SocketAcceptorService>::async_accept(boost::asio::basic_socket<Protocol, SocketService>&, const AcceptHandler&)’:
/home/pidev/SeniorDesign/includes/boost/asio/basic_socket_acceptor.hpp:957:61: warning: typedef ‘type_check’ locally defined but not used [-Wunused-local-typedefs]
     BOOST_ASIO_ACCEPT_HANDLER_CHECK(AcceptHandler, handler) type_check;
                                                             ^
/home/pidev/SeniorDesign/includes/boost/asio/basic_socket_acceptor.hpp: In member function ‘void boost::asio::basic_socket_acceptor<Protocol, SocketAcceptorService>::async_accept(boost::asio::basic_socket<Protocol, SocketService>&, boost::asio::basic_socket_acceptor<Protocol, SocketAcceptorService>::endpoint_type&, const AcceptHandler&)’:
/home/pidev/SeniorDesign/includes/boost/asio/basic_socket_acceptor.hpp:1065:61: warning: typedef ‘type_check’ locally defined but not used [-Wunused-local-typedefs]
     BOOST_ASIO_ACCEPT_HANDLER_CHECK(AcceptHandler, handler) type_check;
                                                             ^
In file included from /home/pidev/SeniorDesign/includes/boost/asio.hpp:30:0,
                 from /home/pidev/SeniorDesign/websocketpp/websocketpp/transport/asio/connection.hpp:43,
                 from /home/pidev/SeniorDesign/websocketpp/websocketpp/transport/asio/endpoint.hpp:34,
                 from /home/pidev/SeniorDesign/websocketpp/websocketpp/config/asio_no_tls.hpp:32,
                 from ../RoadStarServer.cpp:8:
/home/pidev/SeniorDesign/includes/boost/asio/basic_stream_socket.hpp: In member function ‘void boost::asio::basic_stream_socket<Protocol, StreamSocketService>::async_send(const ConstBufferSequence&, const WriteHandler&)’:
/home/pidev/SeniorDesign/includes/boost/asio/basic_stream_socket.hpp:311:59: warning: typedef ‘type_check’ locally defined but not used [-Wunused-local-typedefs]
     BOOST_ASIO_WRITE_HANDLER_CHECK(WriteHandler, handler) type_check;
                                                           ^
/home/pidev/SeniorDesign/includes/boost/asio/basic_stream_socket.hpp: In member function ‘void boost::asio::basic_stream_socket<Protocol, StreamSocketService>::async_send(const ConstBufferSequence&, boost::asio::socket_base::message_flags, const WriteHandler&)’:
/home/pidev/SeniorDesign/includes/boost/asio/basic_stream_socket.hpp:361:59: warning: typedef ‘type_check’ locally defined but not used [-Wunused-local-typedefs]
     BOOST_ASIO_WRITE_HANDLER_CHECK(WriteHandler, handler) type_check;
                                                           ^
/home/pidev/SeniorDesign/includes/boost/asio/basic_stream_socket.hpp: In member function ‘void boost::asio::basic_stream_socket<Protocol, StreamSocketService>::async_receive(const MutableBufferSequence&, const ReadHandler&)’:
/home/pidev/SeniorDesign/includes/boost/asio/basic_stream_socket.hpp:515:57: warning: typedef ‘type_check’ locally defined but not used [-Wunused-local-typedefs]
     BOOST_ASIO_READ_HANDLER_CHECK(ReadHandler, handler) type_check;
                                                         ^
/home/pidev/SeniorDesign/includes/boost/asio/basic_stream_socket.hpp: In member function ‘void boost::asio::basic_stream_socket<Protocol, StreamSocketService>::async_receive(const MutableBufferSequence&, boost::asio::socket_base::message_flags, const ReadHandler&)’:
/home/pidev/SeniorDesign/includes/boost/asio/basic_stream_socket.hpp:567:57: warning: typedef ‘type_check’ locally defined but not used [-Wunused-local-typedefs]
     BOOST_ASIO_READ_HANDLER_CHECK(ReadHandler, handler) type_check;
                                                         ^
/home/pidev/SeniorDesign/includes/boost/asio/basic_stream_socket.hpp: In member function ‘void boost::asio::basic_stream_socket<Protocol, StreamSocketService>::async_write_some(const ConstBufferSequence&, const WriteHandler&)’:
/home/pidev/SeniorDesign/includes/boost/asio/basic_stream_socket.hpp:674:59: warning: typedef ‘type_check’ locally defined but not used [-Wunused-local-typedefs]
     BOOST_ASIO_WRITE_HANDLER_CHECK(WriteHandler, handler) type_check;
                                                           ^
/home/pidev/SeniorDesign/includes/boost/asio/basic_stream_socket.hpp: In member function ‘void boost::asio::basic_stream_socket<Protocol, StreamSocketService>::async_read_some(const MutableBufferSequence&, const ReadHandler&)’:
/home/pidev/SeniorDesign/includes/boost/asio/basic_stream_socket.hpp:785:57: warning: typedef ‘type_check’ locally defined but not used [-Wunused-local-typedefs]
     BOOST_ASIO_READ_HANDLER_CHECK(ReadHandler, handler) type_check;
                                                         ^
In file included from /home/pidev/SeniorDesign/includes/boost/asio.hpp:32:0,
                 from /home/pidev/SeniorDesign/websocketpp/websocketpp/transport/asio/connection.hpp:43,
                 from /home/pidev/SeniorDesign/websocketpp/websocketpp/transport/asio/endpoint.hpp:34,
                 from /home/pidev/SeniorDesign/websocketpp/websocketpp/config/asio_no_tls.hpp:32,
                 from ../RoadStarServer.cpp:8:
/home/pidev/SeniorDesign/includes/boost/asio/basic_waitable_timer.hpp: In member function ‘void boost::asio::basic_waitable_timer<Clock, WaitTraits, WaitableTimerService>::async_wait(const WaitHandler&)’:
/home/pidev/SeniorDesign/includes/boost/asio/basic_waitable_timer.hpp:506:57: warning: typedef ‘type_check’ locally defined but not used [-Wunused-local-typedefs]
     BOOST_ASIO_WAIT_HANDLER_CHECK(WaitHandler, handler) type_check;
                                                         ^
In file included from /home/pidev/SeniorDesign/includes/boost/asio/write.hpp:609:0,
                 from /home/pidev/SeniorDesign/includes/boost/asio/buffered_write_stream.hpp:29,
                 from /home/pidev/SeniorDesign/includes/boost/asio/buffered_stream.hpp:21,
                 from /home/pidev/SeniorDesign/includes/boost/asio.hpp:37,
                 from /home/pidev/SeniorDesign/websocketpp/websocketpp/transport/asio/connection.hpp:43,
                 from /home/pidev/SeniorDesign/websocketpp/websocketpp/transport/asio/endpoint.hpp:34,
                 from /home/pidev/SeniorDesign/websocketpp/websocketpp/config/asio_no_tls.hpp:32,
                 from ../RoadStarServer.cpp:8:
/home/pidev/SeniorDesign/includes/boost/asio/impl/write.hpp: In function ‘void boost::asio::async_write(AsyncWriteStream&, const ConstBufferSequence&, CompletionCondition, const WriteHandler&)’:
/home/pidev/SeniorDesign/includes/boost/asio/impl/write.hpp:568:57: warning: typedef ‘type_check’ locally defined but not used [-Wunused-local-typedefs]
   BOOST_ASIO_WRITE_HANDLER_CHECK(WriteHandler, handler) type_check;
                                                         ^
/home/pidev/SeniorDesign/includes/boost/asio/impl/write.hpp: In function ‘void boost::asio::async_write(AsyncWriteStream&, const ConstBufferSequence&, const WriteHandler&)’:
/home/pidev/SeniorDesign/includes/boost/asio/impl/write.hpp:583:57: warning: typedef ‘type_check’ locally defined but not used [-Wunused-local-typedefs]
   BOOST_ASIO_WRITE_HANDLER_CHECK(WriteHandler, handler) type_check;
                                                         ^
/home/pidev/SeniorDesign/includes/boost/asio/impl/write.hpp: In function ‘void boost::asio::async_write(AsyncWriteStream&, boost::asio::basic_streambuf<Allocator>&, CompletionCondition, const WriteHandler&)’:
/home/pidev/SeniorDesign/includes/boost/asio/impl/write.hpp:681:57: warning: typedef ‘type_check’ locally defined but not used [-Wunused-local-typedefs]
   BOOST_ASIO_WRITE_HANDLER_CHECK(WriteHandler, handler) type_check;
                                                         ^
/home/pidev/SeniorDesign/includes/boost/asio/impl/write.hpp: In function ‘void boost::asio::async_write(AsyncWriteStream&, boost::asio::basic_streambuf<Allocator>&, const WriteHandler&)’:
/home/pidev/SeniorDesign/includes/boost/asio/impl/write.hpp:695:57: warning: typedef ‘type_check’ locally defined but not used [-Wunused-local-typedefs]
   BOOST_ASIO_WRITE_HANDLER_CHECK(WriteHandler, handler) type_check;
                                                         ^
In file included from /home/pidev/SeniorDesign/includes/boost/asio/connect.hpp:814:0,
                 from /home/pidev/SeniorDesign/includes/boost/asio.hpp:42,
                 from /home/pidev/SeniorDesign/websocketpp/websocketpp/transport/asio/connection.hpp:43,
                 from /home/pidev/SeniorDesign/websocketpp/websocketpp/transport/asio/endpoint.hpp:34,
                 from /home/pidev/SeniorDesign/websocketpp/websocketpp/config/asio_no_tls.hpp:32,
                 from ../RoadStarServer.cpp:8:
/home/pidev/SeniorDesign/includes/boost/asio/impl/connect.hpp: In function ‘void boost::asio::async_connect(boost::asio::basic_socket<Protocol, DatagramSocketService>&, Iterator, const ComposedConnectHandler&)’:
/home/pidev/SeniorDesign/includes/boost/asio/impl/connect.hpp:329:50: warning: typedef ‘type_check’ locally defined but not used [-Wunused-local-typedefs]
       ComposedConnectHandler, handler, Iterator) type_check;
                                                  ^
/home/pidev/SeniorDesign/includes/boost/asio/impl/connect.hpp: In function ‘void boost::asio::async_connect(boost::asio::basic_socket<Protocol, DatagramSocketService>&, Iterator, Iterator, const ComposedConnectHandler&)’:
/home/pidev/SeniorDesign/includes/boost/asio/impl/connect.hpp:346:50: warning: typedef ‘type_check’ locally defined but not used [-Wunused-local-typedefs]
       ComposedConnectHandler, handler, Iterator) type_check;
                                                  ^
/home/pidev/SeniorDesign/includes/boost/asio/impl/connect.hpp: In function ‘void boost::asio::async_connect(boost::asio::basic_socket<Protocol, DatagramSocketService>&, Iterator, ConnectCondition, const ComposedConnectHandler&)’:
/home/pidev/SeniorDesign/includes/boost/asio/impl/connect.hpp:363:50: warning: typedef ‘type_check’ locally defined but not used [-Wunused-local-typedefs]
       ComposedConnectHandler, handler, Iterator) type_check;
                                                  ^
/home/pidev/SeniorDesign/includes/boost/asio/impl/connect.hpp: In function ‘void boost::asio::async_connect(boost::asio::basic_socket<Protocol, DatagramSocketService>&, Iterator, Iterator, ConnectCondition, const ComposedConnectHandler&)’:
/home/pidev/SeniorDesign/includes/boost/asio/impl/connect.hpp:379:50: warning: typedef ‘type_check’ locally defined but not used [-Wunused-local-typedefs]
       ComposedConnectHandler, handler, Iterator) type_check;
                                                  ^
In file included from /home/pidev/SeniorDesign/includes/boost/asio.hpp:54:0,
                 from /home/pidev/SeniorDesign/websocketpp/websocketpp/transport/asio/connection.hpp:43,
                 from /home/pidev/SeniorDesign/websocketpp/websocketpp/transport/asio/endpoint.hpp:34,
                 from /home/pidev/SeniorDesign/websocketpp/websocketpp/config/asio_no_tls.hpp:32,
                 from ../RoadStarServer.cpp:8:
/home/pidev/SeniorDesign/includes/boost/asio/ip/basic_resolver.hpp: In member function ‘void boost::asio::ip::basic_resolver<InternetProtocol, ResolverService>::async_resolve(const query&, const ResolveHandler&)’:
/home/pidev/SeniorDesign/includes/boost/asio/ip/basic_resolver.hpp:162:44: warning: typedef ‘type_check’ locally defined but not used [-Wunused-local-typedefs]
         ResolveHandler, handler, iterator) type_check;
                                            ^
/home/pidev/SeniorDesign/includes/boost/asio/ip/basic_resolver.hpp: In member function ‘void boost::asio::ip::basic_resolver<InternetProtocol, ResolverService>::async_resolve(const endpoint_type&, const ResolveHandler&)’:
/home/pidev/SeniorDesign/includes/boost/asio/ip/basic_resolver.hpp:253:44: warning: typedef ‘type_check’ locally defined but not used [-Wunused-local-typedefs]
         ResolveHandler, handler, iterator) type_check;
                                            ^
In file included from /home/pidev/SeniorDesign/includes/boost/asio.hpp:75:0,
                 from /home/pidev/SeniorDesign/websocketpp/websocketpp/transport/asio/connection.hpp:43,
                 from /home/pidev/SeniorDesign/websocketpp/websocketpp/transport/asio/endpoint.hpp:34,
                 from /home/pidev/SeniorDesign/websocketpp/websocketpp/config/asio_no_tls.hpp:32,
                 from ../RoadStarServer.cpp:8:
/home/pidev/SeniorDesign/includes/boost/asio/posix/basic_stream_descriptor.hpp: In member function ‘void boost::asio::posix::basic_stream_descriptor<StreamDescriptorService>::async_write_some(const ConstBufferSequence&, const WriteHandler&)’:
/home/pidev/SeniorDesign/includes/boost/asio/posix/basic_stream_descriptor.hpp:233:59: warning: typedef ‘type_check’ locally defined but not used [-Wunused-local-typedefs]
     BOOST_ASIO_WRITE_HANDLER_CHECK(WriteHandler, handler) type_check;
                                                           ^
/home/pidev/SeniorDesign/includes/boost/asio/posix/basic_stream_descriptor.hpp: In member function ‘void boost::asio::posix::basic_stream_descriptor<StreamDescriptorService>::async_read_some(const MutableBufferSequence&, const ReadHandler&)’:
/home/pidev/SeniorDesign/includes/boost/asio/posix/basic_stream_descriptor.hpp:344:57: warning: typedef ‘type_check’ locally defined but not used [-Wunused-local-typedefs]
     BOOST_ASIO_READ_HANDLER_CHECK(ReadHandler, handler) type_check;
                                                         ^
In file included from /home/pidev/SeniorDesign/includes/boost/asio/read.hpp:622:0,
                 from /home/pidev/SeniorDesign/includes/boost/asio.hpp:80,
                 from /home/pidev/SeniorDesign/websocketpp/websocketpp/transport/asio/connection.hpp:43,
                 from /home/pidev/SeniorDesign/websocketpp/websocketpp/transport/asio/endpoint.hpp:34,
                 from /home/pidev/SeniorDesign/websocketpp/websocketpp/config/asio_no_tls.hpp:32,
                 from ../RoadStarServer.cpp:8:
/home/pidev/SeniorDesign/includes/boost/asio/impl/read.hpp: In function ‘void boost::asio::async_read(AsyncReadStream&, const MutableBufferSequence&, CompletionCondition, const ReadHandler&)’:
/home/pidev/SeniorDesign/includes/boost/asio/impl/read.hpp:509:55: warning: typedef ‘type_check’ locally defined but not used [-Wunused-local-typedefs]
   BOOST_ASIO_READ_HANDLER_CHECK(ReadHandler, handler) type_check;
                                                       ^
/home/pidev/SeniorDesign/includes/boost/asio/impl/read.hpp: In function ‘void boost::asio::async_read(AsyncReadStream&, const MutableBufferSequence&, const ReadHandler&)’:
/home/pidev/SeniorDesign/includes/boost/asio/impl/read.hpp:524:55: warning: typedef ‘type_check’ locally defined but not used [-Wunused-local-typedefs]
   BOOST_ASIO_READ_HANDLER_CHECK(ReadHandler, handler) type_check;
                                                       ^
/home/pidev/SeniorDesign/includes/boost/asio/impl/read.hpp: In function ‘void boost::asio::async_read(AsyncReadStream&, boost::asio::basic_streambuf<Allocator>&, CompletionCondition, const ReadHandler&)’:
/home/pidev/SeniorDesign/includes/boost/asio/impl/read.hpp:668:55: warning: typedef ‘type_check’ locally defined but not used [-Wunused-local-typedefs]
   BOOST_ASIO_READ_HANDLER_CHECK(ReadHandler, handler) type_check;
                                                       ^
/home/pidev/SeniorDesign/includes/boost/asio/impl/read.hpp: In function ‘void boost::asio::async_read(AsyncReadStream&, boost::asio::basic_streambuf<Allocator>&, const ReadHandler&)’:
/home/pidev/SeniorDesign/includes/boost/asio/impl/read.hpp:682:55: warning: typedef ‘type_check’ locally defined but not used [-Wunused-local-typedefs]
   BOOST_ASIO_READ_HANDLER_CHECK(ReadHandler, handler) type_check;
                                                       ^
In file included from /home/pidev/SeniorDesign/includes/boost/asio/read_at.hpp:655:0,
                 from /home/pidev/SeniorDesign/includes/boost/asio.hpp:81,
                 from /home/pidev/SeniorDesign/websocketpp/websocketpp/transport/asio/connection.hpp:43,
                 from /home/pidev/SeniorDesign/websocketpp/websocketpp/transport/asio/endpoint.hpp:34,
                 from /home/pidev/SeniorDesign/websocketpp/websocketpp/config/asio_no_tls.hpp:32,
                 from ../RoadStarServer.cpp:8:
/home/pidev/SeniorDesign/includes/boost/asio/impl/read_at.hpp: In function ‘void boost::asio::async_read_at(AsyncRandomAccessReadDevice&, uint64_t, const MutableBufferSequence&, CompletionCondition, const ReadHandler&)’:
/home/pidev/SeniorDesign/includes/boost/asio/impl/read_at.hpp:547:55: warning: typedef ‘type_check’ locally defined but not used [-Wunused-local-typedefs]
   BOOST_ASIO_READ_HANDLER_CHECK(ReadHandler, handler) type_check;
                                                       ^
/home/pidev/SeniorDesign/includes/boost/asio/impl/read_at.hpp: In function ‘void boost::asio::async_read_at(AsyncRandomAccessReadDevice&, uint64_t, const MutableBufferSequence&, const ReadHandler&)’:
/home/pidev/SeniorDesign/includes/boost/asio/impl/read_at.hpp:563:55: warning: typedef ‘type_check’ locally defined but not used [-Wunused-local-typedefs]
   BOOST_ASIO_READ_HANDLER_CHECK(ReadHandler, handler) type_check;
                                                       ^
/home/pidev/SeniorDesign/includes/boost/asio/impl/read_at.hpp: In function ‘void boost::asio::async_read_at(AsyncRandomAccessReadDevice&, uint64_t, boost::asio::basic_streambuf<Allocator>&, CompletionCondition, const ReadHandler&)’:
/home/pidev/SeniorDesign/includes/boost/asio/impl/read_at.hpp:714:55: warning: typedef ‘type_check’ locally defined but not used [-Wunused-local-typedefs]
   BOOST_ASIO_READ_HANDLER_CHECK(ReadHandler, handler) type_check;
                                                       ^
/home/pidev/SeniorDesign/includes/boost/asio/impl/read_at.hpp: In function ‘void boost::asio::async_read_at(AsyncRandomAccessReadDevice&, uint64_t, boost::asio::basic_streambuf<Allocator>&, const ReadHandler&)’:
/home/pidev/SeniorDesign/includes/boost/asio/impl/read_at.hpp:730:55: warning: typedef ‘type_check’ locally defined but not used [-Wunused-local-typedefs]
   BOOST_ASIO_READ_HANDLER_CHECK(ReadHandler, handler) type_check;
                                                       ^
In file included from /home/pidev/SeniorDesign/includes/boost/asio/read_until.hpp:902:0,
                 from /home/pidev/SeniorDesign/includes/boost/asio.hpp:82,
                 from /home/pidev/SeniorDesign/websocketpp/websocketpp/transport/asio/connection.hpp:43,
                 from /home/pidev/SeniorDesign/websocketpp/websocketpp/transport/asio/endpoint.hpp:34,
                 from /home/pidev/SeniorDesign/websocketpp/websocketpp/config/asio_no_tls.hpp:32,
                 from ../RoadStarServer.cpp:8:
/home/pidev/SeniorDesign/includes/boost/asio/impl/read_until.hpp: In function ‘void boost::asio::async_read_until(AsyncReadStream&, boost::asio::basic_streambuf<Allocator>&, char, const ReadHandler&)’:
/home/pidev/SeniorDesign/includes/boost/asio/impl/read_until.hpp:493:55: warning: typedef ‘type_check’ locally defined but not used [-Wunused-local-typedefs]
   BOOST_ASIO_READ_HANDLER_CHECK(ReadHandler, handler) type_check;
                                                       ^
/home/pidev/SeniorDesign/includes/boost/asio/impl/read_until.hpp: In function ‘void boost::asio::async_read_until(AsyncReadStream&, boost::asio::basic_streambuf<Allocator>&, const string&, const ReadHandler&)’:
/home/pidev/SeniorDesign/includes/boost/asio/impl/read_until.hpp:682:55: warning: typedef ‘type_check’ locally defined but not used [-Wunused-local-typedefs]
   BOOST_ASIO_READ_HANDLER_CHECK(ReadHandler, handler) type_check;
                                                       ^
/home/pidev/SeniorDesign/includes/boost/asio/impl/read_until.hpp: In function ‘void boost::asio::async_read_until(AsyncReadStream&, boost::asio::basic_streambuf<Allocator>&, const regex&, const ReadHandler&)’:
/home/pidev/SeniorDesign/includes/boost/asio/impl/read_until.hpp:878:55: warning: typedef ‘type_check’ locally defined but not used [-Wunused-local-typedefs]
   BOOST_ASIO_READ_HANDLER_CHECK(ReadHandler, handler) type_check;
                                                       ^
/home/pidev/SeniorDesign/includes/boost/asio/impl/read_until.hpp: In function ‘void boost::asio::async_read_until(AsyncReadStream&, boost::asio::basic_streambuf<Allocator>&, MatchCondition, const ReadHandler&, typename boost::enable_if<boost::asio::is_match_condition<MatchCondition> >::type*)’:
/home/pidev/SeniorDesign/includes/boost/asio/impl/read_until.hpp:1074:55: warning: typedef ‘type_check’ locally defined but not used [-Wunused-local-typedefs]
   BOOST_ASIO_READ_HANDLER_CHECK(ReadHandler, handler) type_check;
                                                       ^
In file included from /home/pidev/SeniorDesign/includes/boost/asio.hpp:91:0,
                 from /home/pidev/SeniorDesign/websocketpp/websocketpp/transport/asio/connection.hpp:43,
                 from /home/pidev/SeniorDesign/websocketpp/websocketpp/transport/asio/endpoint.hpp:34,
                 from /home/pidev/SeniorDesign/websocketpp/websocketpp/config/asio_no_tls.hpp:32,
                 from ../RoadStarServer.cpp:8:
/home/pidev/SeniorDesign/includes/boost/asio/strand.hpp: In member function ‘void boost::asio::io_service::strand::dispatch(const CompletionHandler&)’:
/home/pidev/SeniorDesign/includes/boost/asio/strand.hpp:148:69: warning: typedef ‘type_check’ locally defined but not used [-Wunused-local-typedefs]
     BOOST_ASIO_COMPLETION_HANDLER_CHECK(CompletionHandler, handler) type_check;
                                                                     ^
/home/pidev/SeniorDesign/includes/boost/asio/strand.hpp: In member function ‘void boost::asio::io_service::strand::post(const CompletionHandler&)’:
/home/pidev/SeniorDesign/includes/boost/asio/strand.hpp:174:69: warning: typedef ‘type_check’ locally defined but not used [-Wunused-local-typedefs]
     BOOST_ASIO_COMPLETION_HANDLER_CHECK(CompletionHandler, handler) type_check;
                                                                     ^
In file included from /home/pidev/SeniorDesign/includes/boost/asio/write_at.hpp:641:0,
                 from /home/pidev/SeniorDesign/includes/boost/asio.hpp:110,
                 from /home/pidev/SeniorDesign/websocketpp/websocketpp/transport/asio/connection.hpp:43,
                 from /home/pidev/SeniorDesign/websocketpp/websocketpp/transport/asio/endpoint.hpp:34,
                 from /home/pidev/SeniorDesign/websocketpp/websocketpp/config/asio_no_tls.hpp:32,
                 from ../RoadStarServer.cpp:8:
/home/pidev/SeniorDesign/includes/boost/asio/impl/write_at.hpp: In function ‘void boost::asio::async_write_at(AsyncRandomAccessWriteDevice&, uint64_t, const ConstBufferSequence&, CompletionCondition, const WriteHandler&)’:
/home/pidev/SeniorDesign/includes/boost/asio/impl/write_at.hpp:606:57: warning: typedef ‘type_check’ locally defined but not used [-Wunused-local-typedefs]
   BOOST_ASIO_WRITE_HANDLER_CHECK(WriteHandler, handler) type_check;
                                                         ^
/home/pidev/SeniorDesign/includes/boost/asio/impl/write_at.hpp: In function ‘void boost::asio::async_write_at(AsyncRandomAccessWriteDevice&, uint64_t, const ConstBufferSequence&, const WriteHandler&)’:
/home/pidev/SeniorDesign/includes/boost/asio/impl/write_at.hpp:622:57: warning: typedef ‘type_check’ locally defined but not used [-Wunused-local-typedefs]
   BOOST_ASIO_WRITE_HANDLER_CHECK(WriteHandler, handler) type_check;
                                                         ^
/home/pidev/SeniorDesign/includes/boost/asio/impl/write_at.hpp: In function ‘void boost::asio::async_write_at(AsyncRandomAccessWriteDevice&, uint64_t, boost::asio::basic_streambuf<Allocator>&, CompletionCondition, const WriteHandler&)’:
/home/pidev/SeniorDesign/includes/boost/asio/impl/write_at.hpp:722:57: warning: typedef ‘type_check’ locally defined but not used [-Wunused-local-typedefs]
   BOOST_ASIO_WRITE_HANDLER_CHECK(WriteHandler, handler) type_check;
                                                         ^
/home/pidev/SeniorDesign/includes/boost/asio/impl/write_at.hpp: In function ‘void boost::asio::async_write_at(AsyncRandomAccessWriteDevice&, uint64_t, boost::asio::basic_streambuf<Allocator>&, const WriteHandler&)’:
/home/pidev/SeniorDesign/includes/boost/asio/impl/write_at.hpp:737:57: warning: typedef ‘type_check’ locally defined but not used [-Wunused-local-typedefs]
   BOOST_ASIO_WRITE_HANDLER_CHECK(WriteHandler, handler) type_check;
                                                         ^
In file included from /home/pidev/SeniorDesign/includes/boost/config.hpp:57:0,
                 from /home/pidev/SeniorDesign/includes/boost/thread/detail/platform.hpp:14,
                 from /home/pidev/SeniorDesign/includes/boost/thread/thread.hpp:12,
                 from /home/pidev/SeniorDesign/includes/boost/thread.hpp:13,
                 from /home/pidev/SeniorDesign/websocketpp/websocketpp/common/thread.hpp:42,
                 from /home/pidev/SeniorDesign/websocketpp/websocketpp/concurrency/basic.hpp:31,
                 from /home/pidev/SeniorDesign/websocketpp/websocketpp/config/core.hpp:37,
                 from /home/pidev/SeniorDesign/websocketpp/websocketpp/config/asio_no_tls.hpp:31,
                 from ../RoadStarServer.cpp:8:
/home/pidev/SeniorDesign/includes/boost/utility/value_init.hpp: In member function ‘boost::initialized<T>& boost::initialized<T>::operator=(const boost::initialized<T>&)’:
/home/pidev/SeniorDesign/includes/boost/static_assert.hpp:125:21: warning: typedef ‘boost_static_assert_typedef_123’ locally defined but not used [-Wunused-local-typedefs]
          BOOST_JOIN(boost_static_assert_typedef_, __LINE__)
                     ^
/home/pidev/SeniorDesign/includes/boost/utility/value_init.hpp:123:7: note: in expansion of macro ‘BOOST_STATIC_ASSERT’
       BOOST_STATIC_ASSERT( ! is_const<T>::value );
       ^
In file included from /home/pidev/SeniorDesign/includes/boost/tuple/tuple.hpp:33:0,
                 from /home/pidev/SeniorDesign/includes/boost/multi_index/detail/index_base.hpp:23,
                 from /home/pidev/SeniorDesign/includes/boost/multi_index/detail/base_type.hpp:21,
                 from /home/pidev/SeniorDesign/includes/boost/multi_index_container.hpp:33,
                 from /home/pidev/SeniorDesign/includes/boost/property_tree/ptree.hpp:21,
                 from ../RoadStarServer.cpp:13:
/home/pidev/SeniorDesign/includes/boost/tuple/detail/tuple_basic.hpp: In function ‘typename boost::tuples::access_traits<typename boost::tuples::element<N, boost::tuples::cons<HT, TT> >::type>::const_type boost::tuples::get(const boost::tuples::cons<HT, TT>&)’:
/home/pidev/SeniorDesign/includes/boost/tuple/detail/tuple_basic.hpp:228:45: warning: typedef ‘cons_element’ locally defined but not used [-Wunused-local-typedefs]
   typedef BOOST_DEDUCED_TYPENAME impl::type cons_element;
                                             ^
In file included from /home/pidev/SeniorDesign/includes/boost/config.hpp:57:0,
                 from /home/pidev/SeniorDesign/includes/boost/thread/detail/platform.hpp:14,
                 from /home/pidev/SeniorDesign/includes/boost/thread/thread.hpp:12,
                 from /home/pidev/SeniorDesign/includes/boost/thread.hpp:13,
                 from /home/pidev/SeniorDesign/websocketpp/websocketpp/common/thread.hpp:42,
                 from /home/pidev/SeniorDesign/websocketpp/websocketpp/concurrency/basic.hpp:31,
                 from /home/pidev/SeniorDesign/websocketpp/websocketpp/config/core.hpp:37,
                 from /home/pidev/SeniorDesign/websocketpp/websocketpp/config/asio_no_tls.hpp:31,
                 from ../RoadStarServer.cpp:8:
/home/pidev/SeniorDesign/includes/boost/tuple/detail/tuple_basic.hpp: In member function ‘boost::tuples::cons<HT, TT>& boost::tuples::cons<HT, TT>::operator=(const std::pair<_U1, _U2>&)’:
/home/pidev/SeniorDesign/includes/boost/static_assert.hpp:125:21: warning: typedef ‘boost_static_assert_typedef_325’ locally defined but not used [-Wunused-local-typedefs]
          BOOST_JOIN(boost_static_assert_typedef_, __LINE__)
                     ^
/home/pidev/SeniorDesign/includes/boost/tuple/detail/tuple_basic.hpp:325:5: note: in expansion of macro ‘BOOST_STATIC_ASSERT’
     BOOST_STATIC_ASSERT(length<cons>::value == 2); // check length = 2
     ^
/home/pidev/SeniorDesign/includes/boost/tuple/detail/tuple_basic.hpp: In member function ‘boost::tuples::tuple<T0, T1, T2, T3, T4, T5, T6, T7, T8, T9>& boost::tuples::tuple<T0, T1, T2, T3, T4, T5, T6, T7, T8, T9>::operator=(const std::pair<_U1, _U2>&)’:
/home/pidev/SeniorDesign/includes/boost/static_assert.hpp:125:21: warning: typedef ‘boost_static_assert_typedef_582’ locally defined but not used [-Wunused-local-typedefs]
          BOOST_JOIN(boost_static_assert_typedef_, __LINE__)
                     ^
/home/pidev/SeniorDesign/includes/boost/tuple/detail/tuple_basic.hpp:582:5: note: in expansion of macro ‘BOOST_STATIC_ASSERT’
     BOOST_STATIC_ASSERT(length<tuple>::value == 2);// check_length = 2
     ^
/home/pidev/SeniorDesign/includes/boost/serialization/base_object.hpp: In function ‘typename boost::serialization::detail::base_cast<B, D>::type& boost::serialization::base_object(Derived&)’:
/home/pidev/SeniorDesign/includes/boost/static_assert.hpp:125:21: warning: typedef ‘boost_static_assert_typedef_101’ locally defined but not used [-Wunused-local-typedefs]
          BOOST_JOIN(boost_static_assert_typedef_, __LINE__)
                     ^
/home/pidev/SeniorDesign/includes/boost/serialization/base_object.hpp:101:5: note: in expansion of macro ‘BOOST_STATIC_ASSERT’
     BOOST_STATIC_ASSERT(( is_base_and_derived<Base,Derived>::value));
     ^
/home/pidev/SeniorDesign/includes/boost/static_assert.hpp:125:21: warning: typedef ‘boost_static_assert_typedef_102’ locally defined but not used [-Wunused-local-typedefs]
          BOOST_JOIN(boost_static_assert_typedef_, __LINE__)
                     ^
/home/pidev/SeniorDesign/includes/boost/serialization/base_object.hpp:102:5: note: in expansion of macro ‘BOOST_STATIC_ASSERT’
     BOOST_STATIC_ASSERT(! is_pointer<Derived>::value);
     ^
/home/pidev/SeniorDesign/includes/boost/multi_index_container.hpp: In member function ‘typename boost::multi_index::multi_index_container<Value, IndexSpecifierList, Allocator>::nth_index<N>::type& boost::multi_index::multi_index_container<Value, IndexSpecifierList, Allocator>::get()’:
/home/pidev/SeniorDesign/includes/boost/static_assert.hpp:125:21: warning: typedef ‘boost_static_assert_typedef_298’ locally defined but not used [-Wunused-local-typedefs]
          BOOST_JOIN(boost_static_assert_typedef_, __LINE__)
                     ^
/home/pidev/SeniorDesign/includes/boost/multi_index_container.hpp:298:5: note: in expansion of macro ‘BOOST_STATIC_ASSERT’
     BOOST_STATIC_ASSERT(N>=0&&N<mpl::size<index_type_list>::type::value);
     ^
/home/pidev/SeniorDesign/includes/boost/multi_index_container.hpp: In member function ‘const typename boost::multi_index::multi_index_container<Value, IndexSpecifierList, Allocator>::nth_index<N>::type& boost::multi_index::multi_index_container<Value, IndexSpecifierList, Allocator>::get() const’:
/home/pidev/SeniorDesign/includes/boost/static_assert.hpp:125:21: warning: typedef ‘boost_static_assert_typedef_306’ locally defined but not used [-Wunused-local-typedefs]
          BOOST_JOIN(boost_static_assert_typedef_, __LINE__)
                     ^
/home/pidev/SeniorDesign/includes/boost/multi_index_container.hpp:306:5: note: in expansion of macro ‘BOOST_STATIC_ASSERT’
     BOOST_STATIC_ASSERT(N>=0&&N<mpl::size<index_type_list>::type::value);
     ^
/home/pidev/SeniorDesign/includes/boost/multi_index_container.hpp: In member function ‘typename boost::multi_index::multi_index_container<Value, IndexSpecifierList, Allocator>::nth_index_iterator<N>::type boost::multi_index::multi_index_container<Value, IndexSpecifierList, Allocator>::project(IteratorType)’:
/home/pidev/SeniorDesign/includes/boost/static_assert.hpp:125:21: warning: typedef ‘boost_static_assert_typedef_367’ locally defined but not used [-Wunused-local-typedefs]
          BOOST_JOIN(boost_static_assert_typedef_, __LINE__)
                     ^
/home/pidev/SeniorDesign/includes/boost/multi_index_container.hpp:366:5: note: in expansion of macro ‘BOOST_STATIC_ASSERT’
     BOOST_STATIC_ASSERT(
     ^
/home/pidev/SeniorDesign/includes/boost/multi_index_container.hpp: In member function ‘typename boost::multi_index::multi_index_container<Value, IndexSpecifierList, Allocator>::nth_index_const_iterator<N>::type boost::multi_index::multi_index_container<Value, IndexSpecifierList, Allocator>::project(IteratorType) const’:
/home/pidev/SeniorDesign/includes/boost/static_assert.hpp:125:21: warning: typedef ‘boost_static_assert_typedef_387’ locally defined but not used [-Wunused-local-typedefs]
          BOOST_JOIN(boost_static_assert_typedef_, __LINE__)
                     ^
/home/pidev/SeniorDesign/includes/boost/multi_index_container.hpp:385:5: note: in expansion of macro ‘BOOST_STATIC_ASSERT’
     BOOST_STATIC_ASSERT((
     ^
/home/pidev/SeniorDesign/includes/boost/multi_index_container.hpp: In member function ‘typename boost::multi_index::multi_index_container<Value, IndexSpecifierList, Allocator>::index_iterator<Tag>::type boost::multi_index::multi_index_container<Value, IndexSpecifierList, Allocator>::project(IteratorType)’:
/home/pidev/SeniorDesign/includes/boost/static_assert.hpp:125:21: warning: typedef ‘boost_static_assert_typedef_421’ locally defined but not used [-Wunused-local-typedefs]
          BOOST_JOIN(boost_static_assert_typedef_, __LINE__)
                     ^
/home/pidev/SeniorDesign/includes/boost/multi_index_container.hpp:420:5: note: in expansion of macro ‘BOOST_STATIC_ASSERT’
     BOOST_STATIC_ASSERT(
     ^
/home/pidev/SeniorDesign/includes/boost/multi_index_container.hpp: In member function ‘typename boost::multi_index::multi_index_container<Value, IndexSpecifierList, Allocator>::index_const_iterator<Tag>::type boost::multi_index::multi_index_container<Value, IndexSpecifierList, Allocator>::project(IteratorType) const’:
/home/pidev/SeniorDesign/includes/boost/static_assert.hpp:125:21: warning: typedef ‘boost_static_assert_typedef_440’ locally defined but not used [-Wunused-local-typedefs]
          BOOST_JOIN(boost_static_assert_typedef_, __LINE__)
                     ^
/home/pidev/SeniorDesign/includes/boost/multi_index_container.hpp:438:5: note: in expansion of macro ‘BOOST_STATIC_ASSERT’
     BOOST_STATIC_ASSERT((
     ^
/home/pidev/SeniorDesign/includes/boost/multi_index_container.hpp: In function ‘typename boost::multi_index::nth_index<boost::multi_index::multi_index_container<Value, IndexSpecifierList, Allocator>, N>::type& boost::multi_index::get(boost::multi_index::multi_index_container<Value, IndexSpecifierList, Allocator>&)’:
/home/pidev/SeniorDesign/includes/boost/static_assert.hpp:125:21: warning: typedef ‘boost_static_assert_typedef_763’ locally defined but not used [-Wunused-local-typedefs]
          BOOST_JOIN(boost_static_assert_typedef_, __LINE__)
                     ^
/home/pidev/SeniorDesign/includes/boost/multi_index_container.hpp:759:3: note: in expansion of macro ‘BOOST_STATIC_ASSERT’
   BOOST_STATIC_ASSERT(N>=0&&
   ^
/home/pidev/SeniorDesign/includes/boost/multi_index_container.hpp: In function ‘const typename boost::multi_index::nth_index<boost::multi_index::multi_index_container<Value, IndexSpecifierList, Allocator>, N>::type& boost::multi_index::get(const boost::multi_index::multi_index_container<Value, IndexSpecifierList, Allocator>&)’:
/home/pidev/SeniorDesign/includes/boost/static_assert.hpp:125:21: warning: typedef ‘boost_static_assert_typedef_787’ locally defined but not used [-Wunused-local-typedefs]
          BOOST_JOIN(boost_static_assert_typedef_, __LINE__)
                     ^
/home/pidev/SeniorDesign/includes/boost/multi_index_container.hpp:783:3: note: in expansion of macro ‘BOOST_STATIC_ASSERT’
   BOOST_STATIC_ASSERT(N>=0&&
   ^
/home/pidev/SeniorDesign/includes/boost/multi_index_container.hpp: In function ‘typename boost::multi_index::nth_index_iterator<boost::multi_index::multi_index_container<Value, IndexSpecifierList, Allocator>, N>::type boost::multi_index::project(boost::multi_index::multi_index_container<Value, IndexSpecifierList, Allocator>&, IteratorType)’:
/home/pidev/SeniorDesign/includes/boost/static_assert.hpp:125:21: warning: typedef ‘boost_static_assert_typedef_889’ locally defined but not used [-Wunused-local-typedefs]
          BOOST_JOIN(boost_static_assert_typedef_, __LINE__)
                     ^
/home/pidev/SeniorDesign/includes/boost/multi_index_container.hpp:886:3: note: in expansion of macro ‘BOOST_STATIC_ASSERT’
   BOOST_STATIC_ASSERT((
   ^
/home/pidev/SeniorDesign/includes/boost/multi_index_container.hpp: In function ‘typename boost::multi_index::nth_index_const_iterator<boost::multi_index::multi_index_container<Value, IndexSpecifierList, Allocator>, N>::type boost::multi_index::project(const boost::multi_index::multi_index_container<Value, IndexSpecifierList, Allocator>&, IteratorType)’:
/home/pidev/SeniorDesign/includes/boost/static_assert.hpp:125:21: warning: typedef ‘boost_static_assert_typedef_927’ locally defined but not used [-Wunused-local-typedefs]
          BOOST_JOIN(boost_static_assert_typedef_, __LINE__)
                     ^
/home/pidev/SeniorDesign/includes/boost/multi_index_container.hpp:921:3: note: in expansion of macro ‘BOOST_STATIC_ASSERT’
   BOOST_STATIC_ASSERT((
   ^
/home/pidev/SeniorDesign/includes/boost/multi_index_container.hpp: In function ‘typename boost::multi_index::index_iterator<boost::multi_index::multi_index_container<Value, IndexSpecifierList, Allocator>, Tag>::type boost::multi_index::project(boost::multi_index::multi_index_container<Value, IndexSpecifierList, Allocator>&, IteratorType)’:
/home/pidev/SeniorDesign/includes/boost/static_assert.hpp:125:21: warning: typedef ‘boost_static_assert_typedef_979’ locally defined but not used [-Wunused-local-typedefs]
          BOOST_JOIN(boost_static_assert_typedef_, __LINE__)
                     ^
/home/pidev/SeniorDesign/includes/boost/multi_index_container.hpp:976:3: note: in expansion of macro ‘BOOST_STATIC_ASSERT’
   BOOST_STATIC_ASSERT((
   ^
/home/pidev/SeniorDesign/includes/boost/multi_index_container.hpp: In function ‘typename boost::multi_index::index_const_iterator<boost::multi_index::multi_index_container<Value, IndexSpecifierList, Allocator>, Tag>::type boost::multi_index::project(const boost::multi_index::multi_index_container<Value, IndexSpecifierList, Allocator>&, IteratorType)’:
/home/pidev/SeniorDesign/includes/boost/static_assert.hpp:125:21: warning: typedef ‘boost_static_assert_typedef_1018’ locally defined but not used [-Wunused-local-typedefs]
          BOOST_JOIN(boost_static_assert_typedef_, __LINE__)
                     ^
/home/pidev/SeniorDesign/includes/boost/multi_index_container.hpp:1012:3: note: in expansion of macro ‘BOOST_STATIC_ASSERT’
   BOOST_STATIC_ASSERT((
   ^
In file included from /home/pidev/SeniorDesign/includes/boost/spirit/home/classic/core.hpp:32:0,
                 from /home/pidev/SeniorDesign/includes/boost/spirit/home/classic.hpp:24,
                 from /home/pidev/SeniorDesign/includes/boost/spirit/include/classic.hpp:11,
                 from /home/pidev/SeniorDesign/includes/boost/property_tree/detail/json_parser_read.hpp:18,
                 from /home/pidev/SeniorDesign/includes/boost/property_tree/json_parser.hpp:14,
                 from ../RoadStarServer.cpp:14:
/home/pidev/SeniorDesign/includes/boost/spirit/home/classic/core/primitives/primitives.hpp: In member function ‘typename boost::spirit::classic::parser_result<DerivedT, ScannerT>::type boost::spirit::classic::char_parser<DrivedT>::parse(const ScannerT&) const’:
/home/pidev/SeniorDesign/includes/boost/spirit/home/classic/core/primitives/primitives.hpp:50:68: warning: typedef ‘result_t’ locally defined but not used [-Wunused-local-typedefs]
             typedef typename parser_result<self_t, ScannerT>::type result_t;
                                                                    ^
In file included from /home/pidev/SeniorDesign/includes/boost/config.hpp:57:0,
                 from /home/pidev/SeniorDesign/includes/boost/thread/detail/platform.hpp:14,
                 from /home/pidev/SeniorDesign/includes/boost/thread/thread.hpp:12,
                 from /home/pidev/SeniorDesign/includes/boost/thread.hpp:13,
                 from /home/pidev/SeniorDesign/websocketpp/websocketpp/common/thread.hpp:42,
                 from /home/pidev/SeniorDesign/websocketpp/websocketpp/concurrency/basic.hpp:31,
                 from /home/pidev/SeniorDesign/websocketpp/websocketpp/config/core.hpp:37,
                 from /home/pidev/SeniorDesign/websocketpp/websocketpp/config/asio_no_tls.hpp:31,
                 from ../RoadStarServer.cpp:8:
/home/pidev/SeniorDesign/includes/boost/spirit/home/classic/core/primitives/primitives.hpp: In function ‘boost::spirit::classic::chlit<CharT> boost::spirit::classic::ch_p(const CharT (&)[N])’:
/home/pidev/SeniorDesign/includes/boost/static_assert.hpp:125:21: warning: typedef ‘boost_static_assert_typedef_140’ locally defined but not used [-Wunused-local-typedefs]
          BOOST_JOIN(boost_static_assert_typedef_, __LINE__)
                     ^
/home/pidev/SeniorDesign/includes/boost/spirit/home/classic/core/primitives/primitives.hpp:140:9: note: in expansion of macro ‘BOOST_STATIC_ASSERT’
         BOOST_STATIC_ASSERT(N < 3);
         ^
In file included from /home/pidev/SeniorDesign/includes/boost/spirit/home/classic/core/non_terminal/grammar.hpp:21:0,
                 from /home/pidev/SeniorDesign/includes/boost/spirit/home/classic/core.hpp:42,
                 from /home/pidev/SeniorDesign/includes/boost/spirit/home/classic.hpp:24,
                 from /home/pidev/SeniorDesign/includes/boost/spirit/include/classic.hpp:11,
                 from /home/pidev/SeniorDesign/includes/boost/property_tree/detail/json_parser_read.hpp:18,
                 from /home/pidev/SeniorDesign/includes/boost/property_tree/json_parser.hpp:14,
                 from ../RoadStarServer.cpp:14:
/home/pidev/SeniorDesign/includes/boost/spirit/home/classic/core/non_terminal/impl/grammar.ipp: In function ‘void boost::spirit::classic::impl::grammar_destruct(GrammarT*)’:
/home/pidev/SeniorDesign/includes/boost/spirit/home/classic/core/non_terminal/impl/grammar.ipp:310:68: warning: typedef ‘iterator_t’ locally defined but not used [-Wunused-local-typedefs]
         typedef typename helper_list_t::vector_t::reverse_iterator iterator_t;
                                                                    ^
In file included from /home/pidev/SeniorDesign/includes/boost/config.hpp:57:0,
                 from /home/pidev/SeniorDesign/includes/boost/thread/detail/platform.hpp:14,
                 from /home/pidev/SeniorDesign/includes/boost/thread/thread.hpp:12,
                 from /home/pidev/SeniorDesign/includes/boost/thread.hpp:13,
                 from /home/pidev/SeniorDesign/websocketpp/websocketpp/common/thread.hpp:42,
                 from /home/pidev/SeniorDesign/websocketpp/websocketpp/concurrency/basic.hpp:31,
                 from /home/pidev/SeniorDesign/websocketpp/websocketpp/config/core.hpp:37,
                 from /home/pidev/SeniorDesign/websocketpp/websocketpp/config/asio_no_tls.hpp:31,
                 from ../RoadStarServer.cpp:8:
/home/pidev/SeniorDesign/includes/boost/spirit/home/classic/meta/parser_traits.hpp: In function ‘const typename boost::spirit::classic::unary_subject<UnaryT>::type& boost::spirit::classic::get_unary_subject(const UnaryT&)’:
/home/pidev/SeniorDesign/includes/boost/static_assert.hpp:125:21: warning: typedef ‘boost_static_assert_typedef_201’ locally defined but not used [-Wunused-local-typedefs]
          BOOST_JOIN(boost_static_assert_typedef_, __LINE__)
                     ^
/home/pidev/SeniorDesign/includes/boost/spirit/home/classic/meta/parser_traits.hpp:201:5: note: in expansion of macro ‘BOOST_STATIC_ASSERT’
     BOOST_STATIC_ASSERT(::BOOST_SPIRIT_CLASSIC_NS::is_unary_composite<UnaryT>::value);
     ^
/home/pidev/SeniorDesign/includes/boost/spirit/home/classic/meta/parser_traits.hpp: In function ‘const typename boost::spirit::classic::binary_left_subject<BinaryT>::type& boost::spirit::classic::get_binary_left_subject(const BinaryT&)’:
/home/pidev/SeniorDesign/includes/boost/static_assert.hpp:125:21: warning: typedef ‘boost_static_assert_typedef_241’ locally defined but not used [-Wunused-local-typedefs]
          BOOST_JOIN(boost_static_assert_typedef_, __LINE__)
                     ^
/home/pidev/SeniorDesign/includes/boost/spirit/home/classic/meta/parser_traits.hpp:241:5: note: in expansion of macro ‘BOOST_STATIC_ASSERT’
     BOOST_STATIC_ASSERT(::BOOST_SPIRIT_CLASSIC_NS::is_binary_composite<BinaryT>::value);
     ^
/home/pidev/SeniorDesign/includes/boost/spirit/home/classic/meta/parser_traits.hpp: In function ‘const typename boost::spirit::classic::binary_right_subject<BinaryT>::type& boost::spirit::classic::get_binary_right_subject(const BinaryT&)’:
/home/pidev/SeniorDesign/includes/boost/static_assert.hpp:125:21: warning: typedef ‘boost_static_assert_typedef_249’ locally defined but not used [-Wunused-local-typedefs]
          BOOST_JOIN(boost_static_assert_typedef_, __LINE__)
                     ^
/home/pidev/SeniorDesign/includes/boost/spirit/home/classic/meta/parser_traits.hpp:249:5: note: in expansion of macro ‘BOOST_STATIC_ASSERT’
     BOOST_STATIC_ASSERT(::BOOST_SPIRIT_CLASSIC_NS::is_binary_composite<BinaryT>::value);
     ^
/home/pidev/SeniorDesign/includes/boost/spirit/home/classic/meta/parser_traits.hpp: In function ‘const typename boost::spirit::classic::action_subject<ActionT>::type& boost::spirit::classic::get_action_subject(const ActionT&)’:
/home/pidev/SeniorDesign/includes/boost/static_assert.hpp:125:21: warning: typedef ‘boost_static_assert_typedef_280’ locally defined but not used [-Wunused-local-typedefs]
          BOOST_JOIN(boost_static_assert_typedef_, __LINE__)
                     ^
/home/pidev/SeniorDesign/includes/boost/spirit/home/classic/meta/parser_traits.hpp:280:5: note: in expansion of macro ‘BOOST_STATIC_ASSERT’
     BOOST_STATIC_ASSERT(::BOOST_SPIRIT_CLASSIC_NS::is_action_parser<ActionT>::value);
     ^
/home/pidev/SeniorDesign/includes/boost/spirit/home/classic/meta/parser_traits.hpp: In function ‘const typename boost::spirit::classic::semantic_action<ActionT>::type& boost::spirit::classic::get_semantic_action(const ActionT&)’:
/home/pidev/SeniorDesign/includes/boost/static_assert.hpp:125:21: warning: typedef ‘boost_static_assert_typedef_311’ locally defined but not used [-Wunused-local-typedefs]
          BOOST_JOIN(boost_static_assert_typedef_, __LINE__)
                     ^
/home/pidev/SeniorDesign/includes/boost/spirit/home/classic/meta/parser_traits.hpp:311:5: note: in expansion of macro ‘BOOST_STATIC_ASSERT’
     BOOST_STATIC_ASSERT(::BOOST_SPIRIT_CLASSIC_NS::is_action_parser<ActionT>::value);
     ^
In file included from /home/pidev/SeniorDesign/includes/boost/spirit/home/classic/error_handling.hpp:19:0,
                 from /home/pidev/SeniorDesign/includes/boost/spirit/home/classic.hpp:26,
                 from /home/pidev/SeniorDesign/includes/boost/spirit/include/classic.hpp:11,
                 from /home/pidev/SeniorDesign/includes/boost/property_tree/detail/json_parser_read.hpp:18,
                 from /home/pidev/SeniorDesign/includes/boost/property_tree/json_parser.hpp:14,
                 from ../RoadStarServer.cpp:14:
/home/pidev/SeniorDesign/includes/boost/spirit/home/classic/error_handling/exceptions.hpp: In member function ‘typename boost::spirit::classic::parser_result<boost::spirit::classic::assertive_parser<ErrorDescrT, ParserT>, ScannerT>::type boost::spirit::classic::assertive_parser<ErrorDescrT, ParserT>::parse(const ScannerT&) const’:
/home/pidev/SeniorDesign/includes/boost/spirit/home/classic/error_handling/exceptions.hpp:143:51: warning: typedef ‘iterator_t’ locally defined but not used [-Wunused-local-typedefs]
             typedef typename ScannerT::iterator_t iterator_t;
                                                   ^
In file included from /home/pidev/SeniorDesign/includes/boost/spirit/home/classic/utility.hpp:29:0,
                 from /home/pidev/SeniorDesign/includes/boost/spirit/home/classic.hpp:29,
                 from /home/pidev/SeniorDesign/includes/boost/spirit/include/classic.hpp:11,
                 from /home/pidev/SeniorDesign/includes/boost/property_tree/detail/json_parser_read.hpp:18,
                 from /home/pidev/SeniorDesign/includes/boost/property_tree/json_parser.hpp:14,
                 from ../RoadStarServer.cpp:14:
/home/pidev/SeniorDesign/includes/boost/spirit/home/classic/utility/functor_parser.hpp: In member function ‘typename boost::spirit::classic::parser_result<boost::spirit::classic::functor_parser<FunctorT>, ScannerT>::type boost::spirit::classic::functor_parser<FunctorT>::parse(const ScannerT&) const’:
/home/pidev/SeniorDesign/includes/boost/spirit/home/classic/utility/functor_parser.hpp:52:68: warning: typedef ‘result_t’ locally defined but not used [-Wunused-local-typedefs]
             typedef typename parser_result<self_t, ScannerT>::type result_t;
                                                                    ^
/home/pidev/SeniorDesign/includes/boost/spirit/home/classic/utility/functor_parser.hpp:53:53: warning: typedef ‘value_t’ locally defined but not used [-Wunused-local-typedefs]
             typedef typename ScannerT::value_t      value_t;
                                                     ^
In file included from /home/pidev/SeniorDesign/includes/boost/config.hpp:57:0,
                 from /home/pidev/SeniorDesign/includes/boost/thread/detail/platform.hpp:14,
                 from /home/pidev/SeniorDesign/includes/boost/thread/thread.hpp:12,
                 from /home/pidev/SeniorDesign/includes/boost/thread.hpp:13,
                 from /home/pidev/SeniorDesign/websocketpp/websocketpp/common/thread.hpp:42,
                 from /home/pidev/SeniorDesign/websocketpp/websocketpp/concurrency/basic.hpp:31,
                 from /home/pidev/SeniorDesign/websocketpp/websocketpp/config/core.hpp:37,
                 from /home/pidev/SeniorDesign/websocketpp/websocketpp/config/asio_no_tls.hpp:31,
                 from ../RoadStarServer.cpp:8:
/home/pidev/SeniorDesign/includes/boost/spirit/home/classic/phoenix/tuples.hpp: In constructor ‘phoenix::tuple<A, phoenix::nil_t, phoenix::nil_t, phoenix::nil_t, phoenix::nil_t, phoenix::nil_t, phoenix::nil_t>::tuple(const TupleT&)’:
/home/pidev/SeniorDesign/includes/boost/static_assert.hpp:125:21: warning: typedef ‘boost_static_assert_typedef_592’ locally defined but not used [-Wunused-local-typedefs]
          BOOST_JOIN(boost_static_assert_typedef_, __LINE__)
                     ^
/home/pidev/SeniorDesign/includes/boost/spirit/home/classic/phoenix/tuples.hpp:592:7: note: in expansion of macro ‘BOOST_STATIC_ASSERT’
     { BOOST_STATIC_ASSERT(TupleT::length == length); }
       ^
/home/pidev/SeniorDesign/includes/boost/spirit/home/classic/phoenix/tuples.hpp: In constructor ‘phoenix::tuple<A, B, phoenix::nil_t, phoenix::nil_t, phoenix::nil_t, phoenix::nil_t, phoenix::nil_t>::tuple(const TupleT&)’:
/home/pidev/SeniorDesign/includes/boost/static_assert.hpp:125:21: warning: typedef ‘boost_static_assert_typedef_633’ locally defined but not used [-Wunused-local-typedefs]
          BOOST_JOIN(boost_static_assert_typedef_, __LINE__)
                     ^
/home/pidev/SeniorDesign/includes/boost/spirit/home/classic/phoenix/tuples.hpp:633:7: note: in expansion of macro ‘BOOST_STATIC_ASSERT’
     { BOOST_STATIC_ASSERT(TupleT::length == length); }
       ^
/home/pidev/SeniorDesign/includes/boost/spirit/home/classic/phoenix/tuples.hpp: In constructor ‘phoenix::tuple<A, B, C, phoenix::nil_t, phoenix::nil_t, phoenix::nil_t, phoenix::nil_t>::tuple(const TupleT&)’:
/home/pidev/SeniorDesign/includes/boost/static_assert.hpp:125:21: warning: typedef ‘boost_static_assert_typedef_677’ locally defined but not used [-Wunused-local-typedefs]
          BOOST_JOIN(boost_static_assert_typedef_, __LINE__)
                     ^
/home/pidev/SeniorDesign/includes/boost/spirit/home/classic/phoenix/tuples.hpp:677:7: note: in expansion of macro ‘BOOST_STATIC_ASSERT’
     { BOOST_STATIC_ASSERT(TupleT::length == length); }
       ^
/home/pidev/SeniorDesign/includes/boost/spirit/home/classic/phoenix/tuples.hpp: In constructor ‘phoenix::tuple<A, B, C, D, phoenix::nil_t, phoenix::nil_t, phoenix::nil_t>::tuple(const TupleT&)’:
/home/pidev/SeniorDesign/includes/boost/static_assert.hpp:125:21: warning: typedef ‘boost_static_assert_typedef_720’ locally defined but not used [-Wunused-local-typedefs]
          BOOST_JOIN(boost_static_assert_typedef_, __LINE__)
                     ^
/home/pidev/SeniorDesign/includes/boost/spirit/home/classic/phoenix/tuples.hpp:720:7: note: in expansion of macro ‘BOOST_STATIC_ASSERT’
     { BOOST_STATIC_ASSERT(TupleT::length == length); }
       ^
/home/pidev/SeniorDesign/includes/boost/spirit/home/classic/phoenix/tuples.hpp: In constructor ‘phoenix::tuple<A, B, C, D, E, phoenix::nil_t, phoenix::nil_t>::tuple(const TupleT&)’:
/home/pidev/SeniorDesign/includes/boost/static_assert.hpp:125:21: warning: typedef ‘boost_static_assert_typedef_765’ locally defined but not used [-Wunused-local-typedefs]
          BOOST_JOIN(boost_static_assert_typedef_, __LINE__)
                     ^
/home/pidev/SeniorDesign/includes/boost/spirit/home/classic/phoenix/tuples.hpp:765:7: note: in expansion of macro ‘BOOST_STATIC_ASSERT’
     { BOOST_STATIC_ASSERT(TupleT::length == length); }
       ^
/home/pidev/SeniorDesign/includes/boost/spirit/home/classic/phoenix/tuples.hpp: In constructor ‘phoenix::tuple<A, B, C, D, E, F, phoenix::nil_t>::tuple(const TupleT&)’:
/home/pidev/SeniorDesign/includes/boost/static_assert.hpp:125:21: warning: typedef ‘boost_static_assert_typedef_814’ locally defined but not used [-Wunused-local-typedefs]
          BOOST_JOIN(boost_static_assert_typedef_, __LINE__)
                     ^
/home/pidev/SeniorDesign/includes/boost/spirit/home/classic/phoenix/tuples.hpp:814:7: note: in expansion of macro ‘BOOST_STATIC_ASSERT’
     { BOOST_STATIC_ASSERT(TupleT::length == length); }
       ^
/home/pidev/SeniorDesign/includes/boost/spirit/home/classic/phoenix/tuple_helpers.hpp: In function ‘TupleResultT phoenix::convert_actors(const ActorTupleT&)’:
/home/pidev/SeniorDesign/includes/boost/static_assert.hpp:125:21: warning: typedef ‘boost_static_assert_typedef_509’ locally defined but not used [-Wunused-local-typedefs]
          BOOST_JOIN(boost_static_assert_typedef_, __LINE__)
                     ^
/home/pidev/SeniorDesign/includes/boost/spirit/home/classic/phoenix/tuple_helpers.hpp:509:5: note: in expansion of macro ‘BOOST_STATIC_ASSERT’
     BOOST_STATIC_ASSERT(ActorTupleT::length <= TupleResultT::length);
     ^
/home/pidev/SeniorDesign/includes/boost/spirit/home/classic/phoenix/tuple_helpers.hpp: In static member function ‘static phoenix::impl::convert_actor<N, TupleResultT, ActorTupleT>::type phoenix::impl::convert_actor<N, TupleResultT, ActorTupleT>::actor_element(const ActorTupleT&, phoenix::impl::convert_actor<N, TupleResultT, ActorTupleT>::is_not_default)’:
/home/pidev/SeniorDesign/includes/boost/static_assert.hpp:125:21: warning: typedef ‘boost_static_assert_typedef_536’ locally defined but not used [-Wunused-local-typedefs]
          BOOST_JOIN(boost_static_assert_typedef_, __LINE__)
                     ^
/home/pidev/SeniorDesign/includes/boost/spirit/home/classic/phoenix/tuple_helpers.hpp:536:13: note: in expansion of macro ‘BOOST_STATIC_ASSERT’
             BOOST_STATIC_ASSERT(ActorTupleT::length <= TupleResultT::length);
             ^
/tmp/ccNIius6.s: Assembler messages:
/tmp/ccNIius6.s:27180: Warning: swp{b} use is deprecated for ARMv6 and ARMv7
Finished building: ../RoadStarServer.cpp
 
Building target: RoadStar Server
Invoking: Cross G++ Linker
arm-linux-gnueabihf-g++ -L/home/pidev/SeniorDesign/websocketpp -L/home/pidev/SeniorDesign/pigpio -L/home/pidev/SeniorDesign/includes -L/home/pidev/SeniorDesign/lib -o "RoadStar Server"  ./RoadStarServer.o   -lboost_system -lrt -lpigpio -lpthread
Finished building target: RoadStar Server
 

14:21:56 Build Finished (took 44s.979ms)

